C251 COMPILER V5.60.0,  CCD                                                                17/08/24  10:34:33  PAGE 1   


C251 COMPILER V5.60.0, COMPILATION OF MODULE CCD
OBJECT MODULE PLACED IN .\Out_File\CCD.obj
COMPILER INVOKED BY: C:\Keil_v5\C251\BIN\C251.EXE ..\CODE\CCD.c XSMALL WARNINGLEVEL(3) OPTIMIZE(0,SPEED) BROWSE INCDIR(.
                    -.\..\Libraries\libraries;..\..\Libraries\seekfree_libraries;..\..\Libraries\seekfree_peripheral;..\CODE;..\USER\inc;..\U
                    -SER\src;..\..\Libraries\seekfree_components) DEBUG PRINT(.\Out_File\CCD.lst) OBJECT(.\Out_File\CCD.obj) 

stmt  level    source

    1          #include "SystemConfig.h"
    2          uint8 i =0,j=0,r_cir_in=0,r_cir_out=0,l_cir_in=0,l_cir_out=0,white_block_count=0;
    3          
    4          uint8 image[128]={0};
    5          uint8 image1[128]={0};
    6          uint8 image2[128]={0};
    7          uint8 fuzzy_image[64]={0};
    8          uint8 lp_index=0,rp_index=0;
    9          #define ax 62
   10          #define hei 6
   11          #define bai 7
   12          #define hei1 4
   13          #define bai1 5
   14          #define hei2 2
   15          #define bai2 3
   16          ele flag;
   17          
   18          uint8 find_edge_point(uint16 data0,uint16 data1,uint8 compare_data)
   19          {
   20   1          int16 sum =data0-data1;
   21   1          if ((sum<<7/(data0+data1))>compare_data)
   22   1          {
   23   2              return 1 ;
   24   2          }
   25   1      
   26   1          return 0 ;
   27   1      }
   28          
   29          void search_midline(uint8 input)
   30          {
   31   1          int8 clp,crp=0;
   32   1          uint8 i =0;
   33   1          static uint8 l_lp,l_rp,l_eCCD;
   34   1          for ( i = old_mid; i >= 6; i--)
   35   1          {//&&find_edge_point(ccd_data_ch1[i-1],ccd_data_ch1[i-5],Comapre_0)
   36   2              if (find_edge_point(ccd_data_ch1[i]  ,ccd_data_ch1[i-5],Comapre_0)
   37   2                  )
   38   2              {
   39   3                  lp[0]=i-5;break;
   40   3              }
   41   2              if (i<=7) {lp[0]=0;break;}
   42   2          }
   43   1      
   44   1          for ( i = old_mid; i <= 122; i++)
   45   1          {//&&find_edge_point(ccd_data_ch1[i+1],ccd_data_ch1[i+5],Comapre_0)
   46   2              if (find_edge_point(ccd_data_ch1[i]  ,ccd_data_ch1[i+5],Comapre_0)
   47   2                  )
   48   2              {
   49   3                  rp[0]=i+5;break;
   50   3              } 
   51   2              if (i>=120) {rp[0]=127;break;}
   52   2          }
   53   1      
   54   1          for ( i = old_mid1; i >= 6; i--)
   55   1          {
   56   2              if (find_edge_point(ccd_data_ch2[i]  ,ccd_data_ch2[i-5],Comapre_1)&&
   57   2                  find_edge_point(ccd_data_ch2[i-1],ccd_data_ch2[i-5],Comapre_1))
C251 COMPILER V5.60.0,  CCD                                                                17/08/24  10:34:33  PAGE 2   

   58   2              {
   59   3                  lp[1]=i-5;break;
   60   3              }
   61   2              if (i<=7) {lp[1]=0;break;}
   62   2          }
   63   1      
   64   1          for ( i = old_mid1; i <= 122; i++)
   65   1          {
   66   2              if (find_edge_point(ccd_data_ch2[i]  ,ccd_data_ch2[i+5],Comapre_1)&&
   67   2                  find_edge_point(ccd_data_ch2[i+1],ccd_data_ch2[i+5],Comapre_1))
   68   2              {
   69   3                  rp[1]=i+5;break;
   70   3              } 
   71   2              if (i>=120) {rp[1]=127;break;}
   72   2          }
   73   1          old_mid=(lp[0]+rp[0])/2;
   74   1          old_mid1=(lp[1]+rp[1])/2;
   75   1          // if (old_mid1<lpu+20){old_mid1=lpu+20;}
   76   1          // if (old_mid1>rpu-20){old_mid1=rpu-20;}
   77   1              
   78   1          
   79   1          // eCCD[0]=63-0.5*(lp[0]+rp[0]);
   80   1          // eCCD[1]=63-0.5*(lp[1]+rp[1]);
   81   1      
   82   1          if (input!=KEEP_NORMAL_LINE)
   83   1          {
   84   2              if (input==KEEP_RIGHT_LINE)         {eCCD[0]=63-0.5*(2*rp[0]-keepline);}
   85   2              if (input==KEEP_LEFT_LINE)          {eCCD[0]=63-0.5*(2*lp[0]+keepline);}
   86   2      
   87   2              if (input==KEEP_INR_LINE)           {eCCD[0]=63-0.5*(2*rp[0]-incirline);}
   88   2              if (input==KEEP_INL_LINE)           {eCCD[0]=63-0.5*(2*lp[0]+incirline);}
   89   2      
   90   2              if (input==KEEP_OUTR_LINE)          {eCCD[0]=63-0.5*(2*rp[0]-outcirline);}
   91   2              if (input==KEEP_OUTL_LINE)          {eCCD[0]=63-0.5*(2*lp[0]+outcirline);}
   92   2      
   93   2              if (input==KEEP_CLOSE_LINE)                       
   94   2              {        
   95   3                  if ((64-lp[0])>=rp[0]-64)   {clp=rp[0]-keepline;eCCD[0]=63-0.5*(clp+rp[0]);}
   96   3                  else                        {crp=lp[0]+keepline;eCCD[0]=63-0.5*(lp[0]+crp);}
   97   3              }
   98   2          }
   99   1          else
  100   1          {
  101   2              eCCD[0]=64-0.5*(lp[0]+rp[0])+ccd_offset;
  102   2          }
  103   1      
  104   1          if (input==KEEP_CROSS_LINE)                       
  105   1          {        
  106   2              if ((64-lp[1])>=rp[1]-64)   {clp=rp[1]-34;eCCD[1]=63-0.5*(clp+rp[1])+ccd1_offset;}
  107   2              else                        {crp=lp[1]+34;eCCD[1]=63-0.5*(lp[1]+crp)+ccd1_offset;}
  108   2              eCCD[0]=64-0.5*(lp[0]+rp[0])+ccd_offset;
  109   2          }
  110   1          else
  111   1          {
  112   2              eCCD[1]=63-0.5*(lp[1]+rp[1])+ccd1_offset;
  113   2          }
  114   1      
  115   1      }
  116          void CCD_Process(uint8 input)
  117          {
  118   1          uint8 i=0;
  119   1          uint16 min=65535,max=0;
  120   1          int8 clp,crp=0;
  121   1          uint8 dw=(rpd-lpd)/2;
  122   1          int16 image_sum=0;
  123   1          int16 threshold_avg=0;
C251 COMPILER V5.60.0,  CCD                                                                17/08/24  10:34:33  PAGE 3   

  124   1      
  125   1          for ( i = 0; i < 128; i+=2)
  126   1          {
  127   2              image_sum+=ccd_data_ch1[i];
  128   2          }
  129   1      
  130   1          threshold_avg=image_sum>>6;
  131   1          
  132   1          for ( i = 0; i < 128; i+=2)
  133   1          {
  134   2              if (ccd_data_ch1[i]>max)        {max=ccd_data_ch1[i];}
  135   2              if (ccd_data_ch1[i]<min)        {min=ccd_data_ch1[i];}
  136   2          }
  137   1          // threshold=(uint32)((max-min)*100/(max+min)*0.5);
  138   1          threshold=((max+min)/2)*(1-down_arr)+threshold_avg*down_arr-down_dec;
  139   1          
  140   1          for ( i = 0; i < 128; i++)
  141   1          {
  142   2              if (ccd_data_ch1[i]>=threshold)  {image[i]=bai ;}
  143   2              else                             {image[i]=hei ;}  
  144   2          }  
  145   1          
  146   1          for ( i = old_mid; i >= 2; i--)  
  147   1          {
  148   2              if(image[i]>image[i-1]&&image[i]>image[i-2])
  149   2              {
  150   3                  lp[0]=i-2;
  151   3                  break;
  152   3              }
  153   2              if (i<= 2){lp[0]=0;break;}
  154   2          }
  155   1          for ( i = old_mid; i <=125; i++) 
  156   1          {
  157   2              if(image[i]>image[i+1]&&image[i]>image[i+2])
  158   2              {
  159   3                  rp[0]=i+2;
  160   3                  break;
  161   3              }
  162   2              if (i>= 126){rp[0]=128;break;}
  163   2          }
  164   1      
  165   1          old_mid=(lp[0]+rp[0])*0.5;
  166   1          
  167   1          // if (old_mid<7)  {old_mid=7;}
  168   1          // if (old_mid>120){old_mid=120;}
  169   1      
  170   1      
  171   1          if (input!=KEEP_NORMAL_LINE)
  172   1          {
  173   2              if (input==KEEP_RIGHT_LINE)         {eCCD[0]=63-0.5*(2*rp[0]-keepline);}
  174   2              if (input==KEEP_LEFT_LINE)          {eCCD[0]=63-0.5*(2*lp[0]+keepline);}
  175   2      
  176   2              if (input==KEEP_INR_LINE)           {eCCD[0]=63-0.5*(2*rp[0]-incirline);}
  177   2              if (input==KEEP_INL_LINE)           {eCCD[0]=63-0.5*(2*lp[0]+incirline);}
  178   2      
  179   2              if (input==KEEP_OUTR_LINE)          {eCCD[0]=63-0.5*(2*rp[0]-outcirline);}
  180   2              if (input==KEEP_OUTL_LINE)          {eCCD[0]=63-0.5*(2*lp[0]+outcirline);}
  181   2      
  182   2              if (input==KEEP_CLOSE_LINE)                       
  183   2              {        
  184   3                  if ((64-lp[0])>=rp[0]-64)   {clp=rp[0]-keepline;eCCD[0]=63-0.5*(clp+rp[0]);}
  185   3                  else                        {crp=lp[0]+keepline;eCCD[0]=63-0.5*(lp[0]+crp);}
  186   3              }
  187   2          }
  188   1          else
  189   1          {
C251 COMPILER V5.60.0,  CCD                                                                17/08/24  10:34:33  PAGE 4   

  190   2              eCCD[0]=64-0.5*(lp[0]+rp[0]);
  191   2          }
  192   1      }
  193          void CCD1_Process()
  194          {
  195   1          uint8 i=0;
  196   1          uint16 min=3000,max=0;
  197   1          int16 image_sum=0;
  198   1          int16 threshold_avg=0;
  199   1      
  200   1          for ( i = 0; i < 128; i+=2)
  201   1          {
  202   2              image_sum+=ccd_data_ch2[i];
  203   2          }
  204   1      
  205   1          threshold_avg=image_sum>>6;  
  206   1      
  207   1          for ( i = 0; i < 128; i+=2)
  208   1          {
  209   2              if (ccd_data_ch2[i]>max)        {max=ccd_data_ch2[i];}
  210   2              if (ccd_data_ch2[i]<min)        {min=ccd_data_ch2[i];}
  211   2          }
  212   1      
  213   1          threshold1=(max+min)/2*(1-up_arr)+threshold_avg*up_arr-up_dec;//
  214   1          for ( i = 0; i < 128; i++)
  215   1          {
  216   2              if (ccd_data_ch2[i]>=threshold1)  {image1[i]=bai1 ;}//?
  217   2              else                              {image1[i]=hei1 ;}//?  
  218   2          }
  219   1      
  220   1          if (image1[old_mid]==hei1)
  221   1          {
  222   2              for ( i = 0; i < 64; i++)
  223   2              {
  224   3                  if (image1[old_mid+i]==bai1){old_mid1=64+i+4;break;}
  225   3                  if (image1[old_mid-i]==bai1){old_mid1=64-i-4;break;}    
  226   3              }
  227   2              if (old_mid1>=122)   {old_mid1=122;}
  228   2              if (old_mid1<=5)     {old_mid1=5;} 
  229   2          } 
  230   1      
  231   1          for ( i = old_mid1; i > 1; i--)  
  232   1          {
  233   2              if(image1[i]>image1[i-1]&&image1[i]>image1[i-2])
  234   2              {
  235   3                  lp[1]=i-2;
  236   3                  break;
  237   3              }
  238   2              if (i<= 2){lp[1]=0;break;}
  239   2          }
  240   1          for ( i = old_mid; i <126; i++) 
  241   1          {
  242   2              if(image1[i]>image1[i+1]&&image1[i]>image1[i+2])
  243   2              {
  244   3                  rp[1]=i+2;
  245   3                  break;
  246   3              }
  247   2              if (i>= 126){rp[1]=128;break;}
  248   2          }
  249   1          // old_mid1=(lp[1]+rp[1])*0.5;
  250   1          // if (old_mid1>=122)   {old_mid1=122;}
  251   1          // if (old_mid1<=5)     {old_mid1=5;} 
  252   1      
  253   1          eCCD[1]=64-0.5*(lp[1]+rp[1]); 
  254   1      }
  255          
C251 COMPILER V5.60.0,  CCD                                                                17/08/24  10:34:33  PAGE 5   

  256          void img_get()
  257          {
  258   1          uint8 i=0;
  259   1          uint16 min=65535,max=0;
  260   1          int16 image_sum=0;
  261   1          int16 threshold_avg=0;
  262   1      
  263   1          for ( i = 0; i < 128; i+=2)
  264   1          {
  265   2              image_sum+=ccd_data_ch1[i];
  266   2          }
  267   1      
  268   1          threshold_avg=image_sum>>6;
  269   1          
  270   1          for ( i = 0; i < 128; i+=2)
  271   1          {
  272   2              if (ccd_data_ch1[i]>max)        {max=ccd_data_ch1[i];}
  273   2              if (ccd_data_ch1[i]<min)        {min=ccd_data_ch1[i];}
  274   2          }
  275   1          // threshold=(uint32)((max-min)*100/(max+min)*0.5);
  276   1          threshold=((max+min)/2)*(1-down_arr)+threshold_avg*down_arr-down_dec;
  277   1          
  278   1          for ( i = 0; i < 128; i++)
  279   1          {
  280   2              if (ccd_data_ch1[i]>=threshold)  {image[i]=bai ;}
  281   2              else                             {image[i]=hei ;}  
  282   2          }
  283   1      }
  284          
  285          void img1_get()
  286          {
  287   1          uint8 i=0;
  288   1          uint16 min=3000,max=0;
  289   1          int16 image_sum=0;
  290   1          int16 threshold_avg=0;
  291   1      
  292   1          for ( i = 0; i < 128; i+=2)
  293   1          {
  294   2              image_sum+=ccd_data_ch2[i];
  295   2          }
  296   1      
  297   1          threshold_avg=image_sum>>6;  
  298   1      
  299   1          for ( i = 0; i < 128; i+=2)
  300   1          {
  301   2              if (ccd_data_ch2[i]>max)        {max=ccd_data_ch2[i];}
  302   2              if (ccd_data_ch2[i]<min)        {min=ccd_data_ch2[i];}
  303   2          }
  304   1      
  305   1          threshold1=(max+min)/2*(1-up_arr)+threshold_avg*up_arr-up_dec;//
  306   1          for ( i = 0; i < 128; i++)
  307   1          {
  308   2              if (ccd_data_ch2[i]>=threshold1)  {image1[i]=bai1 ;}//?
  309   2              else                              {image1[i]=hei1 ;}//?  
  310   2          }   
  311   1      }
  312          
  313          void ccd_mode(uint8 mode, uint8 line_mode)
  314          {   
  315   1          img_get();
  316   1          if (mode == 0)
  317   1          {
  318   2              search_midline(line_mode);
  319   2          }
  320   1          else if (mode == 1)
  321   1          {
C251 COMPILER V5.60.0,  CCD                                                                17/08/24  10:34:33  PAGE 6   

  322   2              CCD_Process(line_mode);
  323   2              CCD1_Process();
  324   2          }
  325   1      }
  326          
  327          uint8 Stright_Judge(int dv)
  328          {
  329   1          if (myabs(lp[0]-lpd)<=dv&&(rp[0]-rpd)<=dv)
  330   1          {     
  331   2              return 1;
  332   2          }
  333   1          return 0;
  334   1      }
  335          
  336          void Right_Roundabout_Process()
  337          {   
  338   1          uint8 rc_count=0;
  339   1          uint16 in_check=0;
  340   1          uint16 out_check=0;
  341   1          uint8 Compare_Width = rpd-lpd+crossf_max;
  342   1          flag.rcircle=1;
  343   1          flag.all=1;
  344   1          while (flag.rcircle)
  345   1          {
  346   2              switch (rc_count)
  347   2              {
  348   3              case 0:
  349   3                  ccd_mode(compare,KEEP_LEFT_LINE);
  350   3                  if ((rp[0]-lp[0])<=Compare_Width)
  351   3                  {
  352   4                      in_check+=1;
  353   4                  }
  354   3                  if (in_check>=cir_incheck&&rp[0]>127-cir_inp)//7
  355   3                  {
  356   4                      in_check=0;
  357   4                      rc_count=1;
  358   4                  }
  359   3                  break;
  360   3      
  361   3              case 1: 
  362   3                  ccd_mode(compare,KEEP_INR_LINE);  
  363   3                  if (yaw_count>icm_in)
  364   3                  {
  365   4                      rc_count=2; 
  366   4                      yaw_count=0;
  367   4                  }
  368   3                  break;
  369   3      
  370   3              case 2:
  371   3                  ccd_mode(compare,KEEP_LEFT_LINE); 
  372   3                  
  373   3                  if (lp[0]<=cir_outp&&yaw_count>120)
  374   3                  {
  375   4                      rc_count=3;
  376   4                      yaw_count=0; 
  377   4                  }
  378   3                  break;
  379   3      
  380   3              case 3:
  381   3      
  382   3                  ccd_mode(compare,KEEP_OUTR_LINE); 
  383   3                  if (yaw_count>icm_out)
  384   3                  {
  385   4                      rc_count=4;
  386   4                      yaw_count=0;
  387   4                  }
C251 COMPILER V5.60.0,  CCD                                                                17/08/24  10:34:33  PAGE 7   

  388   3      
  389   3                  break;
  390   3              
  391   3              case 4:
  392   3                  ccd_mode(compare,KEEP_LEFT_LINE);
  393   3                  if ((rp[0]-lp[0])<=Compare_Width)
  394   3                  {
  395   4                      out_check+=1;
  396   4                  }
  397   3                  if (out_check>cir_outcheck)
  398   3                  {
  399   4                      rc_count=5;
  400   4                  }
  401   3                  break;
  402   3              }
  403   2              if(lp[0]<cross_err&&rp[0]>127-cross_err&&rc_count==0)
  404   2              {
  405   3                  flag.rcircle=0;
  406   3                  flag.all=0;
  407   3                  rc_count=0;
  408   3                  break;
  409   3              }
  410   2              if (rc_count>=5||DEBUG_CAR)
  411   2              {
  412   3                  flag.rcircle=0;
  413   3                  flag.all=0;
  414   3                  rc_count=0;
  415   3                  show_str(0,ele_num,"RIGHT_CIRCLE");
  416   3                  ele_num+=1;
  417   3                  last_ele=ele_rcircle; 
  418   3                  r_num+=1;
  419   3                  break;
  420   3              }
  421   2          }
  422   1      }
  423          
  424          void Left_Roundabout_Process()
  425          {
  426   1          uint8 lc_count=0;
  427   1          uint16 in_check=0;
  428   1          uint16 out_check=0;
  429   1          uint8 Compare_Width = rpd-lpd+crossf_max;
  430   1          flag.lcircle=1;
  431   1          flag.all=1;
  432   1          ele_count=0;
  433   1      
  434   1          while (flag.lcircle)
  435   1          {
  436   2              switch (lc_count)
  437   2              {
  438   3              case 0://lcircle prein
  439   3                  ccd_mode(compare,KEEP_RIGHT_LINE);
  440   3                  if ((rp[0]-lp[0])<=Compare_Width)
  441   3                  {
  442   4                      in_check+=1;
  443   4                  }
  444   3                  if (in_check>=cir_incheck&&lp[0]<cir_inp)
  445   3                  {
  446   4                      lc_count=1;
  447   4                      ele_count=0;
  448   4                  }
  449   3                  break;
  450   3      
  451   3              case 1: //in lcircle
  452   3                  ccd_mode(compare,KEEP_INL_LINE);   
  453   3                  if (yaw_count>icm_in)
C251 COMPILER V5.60.0,  CCD                                                                17/08/24  10:34:33  PAGE 8   

  454   3                  {
  455   4                      lc_count=2; 
  456   4                      yaw_count=0;
  457   4                  }
  458   3                  break;
  459   3      
  460   3              case 2: //lcircle running
  461   3                  ccd_mode(compare,KEEP_RIGHT_LINE);
  462   3                  if (rp[0]>=128-cir_outp&&yaw_count>120)
  463   3                  {
  464   4                      lc_count=3;
  465   4                      yaw_count=0; 
  466   4                  }
  467   3                  break;
  468   3      
  469   3              case 3: //lcircle out
  470   3      
  471   3                  ccd_mode(compare,KEEP_OUTL_LINE);
  472   3                  if (yaw_count>icm_out)
  473   3                  {
  474   4                      lc_count=4;
  475   4                      yaw_count=0;
  476   4                      ele_count=0;
  477   4                  }
  478   3       
  479   3                  break;
  480   3              
  481   3              case 4:
  482   3                  CCD_Process(KEEP_RIGHT_LINE); 
  483   3                  // if (ele_count>20)
  484   3                  // {
  485   3                  //     lc_count=5;ele_count=0;
  486   3                  // }
  487   3                  
  488   3                  if ((rp[0]-lp[0])<=Compare_Width)
  489   3                  {
  490   4                      out_check+=1;
  491   4                  }
  492   3                  if (out_check>cir_outcheck)
  493   3                  {
  494   4                      lc_count=5;
  495   4                  }
  496   3                  break;
  497   3              }
  498   2              if(lp[0]<cross_err&&rp[0]>127-cross_err&&lc_count==0)
  499   2              {
  500   3                  flag.lcircle=0;
  501   3                  flag.all=0;
  502   3                  lc_count=0;
  503   3                  break;
  504   3              }
  505   2              if (lc_count>=5||DEBUG_CAR)
  506   2              {
  507   3                  flag.lcircle=0;
  508   3                  flag.all=0;
  509   3                  lc_count=0; 
  510   3                  show_str(0,ele_num,"LEFT_CIRCLE");
  511   3                  ele_num+=1;
  512   3                  last_ele=ele_lcircle; 
  513   3                  l_num+=1;
  514   3                  break;
  515   3              }
  516   2          }
  517   1      }
  518          
  519          /**
C251 COMPILER V5.60.0,  CCD                                                                17/08/24  10:34:33  PAGE 9   

  520           * @brief  Circle_Judge powered by ccd
  521           * @author Pre.fy
  522           * @date 2024/06/07
  523           */
  524          
  525          void Circle_Judge()
  526          {
  527   1          // static uint8 last_rp=0;
  528   1          // static uint8 last_lp=0;
  529   1          // uint8 drp=rp[0]-last_rp;
  530   1          // uint8 dlp=last_lp-lp[0];
  531   1          static uint8 rc_c=0;
  532   1          static uint8 lc_c=0;
  533   1          // if (dlp<=0){dlp=0;}
  534   1          // if (drp<=0){drp=0;}
  535   1      
  536   1          /*
  537   1              Left_Roundabout //Ăű×Ö˝ĐµÄŐâĂ´żÉ°®ÎűÎűÎű·´ŐýĘÇÎŇČˇµÄ
  538   1              nmmµÄĘÇÎŇ´ôÂëĐ´´íÁË°ˇ°ˇ°ˇ°ˇ°ˇ°ˇ
  539   1              ÓĐbugÄăĘÇÔőĂ´ĹÜĆđŔ´µÄŁżÂßĽ­ÍęČ«˛»¶Ô°ˇ 6.19
  540   1              ************************ĐÄľ˛ŕĹ 6.18
  541   1              Äă×ó¶ËÔŮ255Ň»¸öĘÔĘÔ uint8ŕĹ
  542   1              ÎŇľµÍ·Ľő¶ŕÁËˇŁˇŁˇŁˇŁ
  543   1              ĘÇ˛»ĘÇÓĐ˛ˇ°ˇ»·µş
  544   1              ĹÜĆđŔ´ÁË°ˇ°ˇ°ˇ°ˇ°ˇ°ˇ°ˇÄć×ÓÄăŐć°ô6.20
  545   1              ÎóĹĐÁË
  546   1              Äă»ąĘÇËŔµô°ÉÄć×Ó6.21
  547   1              ¸ÄbugÁË ¸´»î°É ÎŇµÄÄć×Ó6.22
  548   1          */
  549   1          // if ((rp[0]-lp[0])<=(rpd-lpd)+minfolder)//żí¶ČĎŢ·ů ±ŔŔŁ°ˇ°ˇ°ˇ°ˇ°ˇ°ˇ°ˇ˛ÝÄŕÂíăĐÖµ6.12   
  550   1          if (myabs(lp[1]-lpu)<=up_limit&&rp[1]>=127-up_lose&&r_num<rcir_num-0.1)
  551   1          {
  552   2              rc_c=1;flag.all=1;ele_count=0;
  553   2          }
  554   1          
  555   1          switch (rc_c)
  556   1          {
  557   2          case 1:
  558   2              if (myabs(lp[1]-lpu)>up_limit||myabs(lp[0]-lpd)>down_limit||(lp[1]-lp[0])>(lpu-lpd)+down_limit) 
  559   2              {
  560   3                  rc_c=0;flag.all=0;break;
  561   3              }
  562   2              if (ele_count>30)
  563   2              {
  564   3                  rc_c=0;flag.all=0;break;
  565   3              }
  566   2              
  567   2              if (rp[0]>127-down_lose)//drp>20
  568   2              {
  569   3                  flag.all=0;ele_count=0;Right_Roundabout_Process();
  570   3              }
  571   2              
  572   2              break;
  573   2          
  574   2          default:
  575   2              break;
  576   2          }
  577   1      
  578   1          if (myabs(rp[1]-rpu)<=up_limit&&lp[1]<=up_lose&&l_num<lcir_num-0.1)
  579   1          {
  580   2              lc_c=1;flag.all=1;ele_count=0;
  581   2          }
  582   1          switch (lc_c)
  583   1          {
  584   2          case 1:
  585   2              if (myabs(rp[1]-rpu)>up_limit||myabs(rp[0]-rpd)>down_limit||(rp[0]-rp[1])>rpd-rpu+down_limit)
C251 COMPILER V5.60.0,  CCD                                                                17/08/24  10:34:33  PAGE 10  

  586   2              {
  587   3                  lc_c=0;flag.all=0;break;
  588   3              }
  589   2              if (ele_count>30)
  590   2              {
  591   3                  lc_c=0;flag.all=0;break;
  592   3              }
  593   2              if (lp[0]<down_lose)
  594   2              {
  595   3                  flag.all=0;ele_count=0;Left_Roundabout_Process();
  596   3              }
  597   2              
  598   2              break;
  599   2          
  600   2          default:
  601   2              break;
  602   2          }
  603   1          
  604   1          // last_lp=lp[0];
  605   1          // last_rp=rp[0];
  606   1      }
  607          
  608          void Cross_Process()
  609          {
  610   1          static uint8 cross_check=0;
  611   1          uint8 Track_Width = rp[0]-lp[0];
  612   1          uint8 Width_Compare = rpd-lpd+crossf_max;
  613   1          uint8 cross_pre=0;
  614   1              // if(lp[1]<cross_err&&rp[1]>127-cross_err)//Track_Width>Width_Compare&&myabs(eCCD[0])<=5
  615   1          // {
  616   1          //     cross_pre=1;flag.all=1;ele_count=0;
  617   1          // }
  618   1          // while (cross_pre)
  619   1          // { Track_Width = rp[0]-lp[0];
  620   1          //     ccd_mode(compare,KEEP_NORMAL_LINE);     
  621   1          //     if(lp[0]<cross_err&&rp[0]>127-cross_err || DEBUG_CAR)//Track_Width>Width_Compare
  622   1          //     {
  623   1          //         flag.cross=1;ele_count=0;break;
  624   1          //     }
  625   1          //     if (ele_count>10)//||Track_Width < Width_Compare
  626   1          //     {
  627   1          //         cross_pre=0;flag.all=0;ele_count=0;break;
  628   1          //     }    
  629   1          // }   
  630   1          if(lp[0]<cross_err&&rp[0]>127-cross_err&&cross_nco<cross_num-0.1)//Track_Width>Width_Compare
  631   1          {
  632   2              flag.cross=1;flag.all=1;ele_count=0;
  633   2          }        
  634   1          while (flag.cross)
  635   1          {
  636   2              Track_Width = rp[0]-lp[0];
  637   2              ccd_mode(binary,KEEP_NORMAL_LINE);
  638   2              Servo_PID(eCCD[1]*0.5);
  639   2              if (Track_Width < Width_Compare || DEBUG_CAR)
  640   2              {
  641   3                  cross_check+=1;
  642   3              }
  643   2              if (cross_check>=20)//||ele_count>30
  644   2              {
  645   3                  cross_check=0;
  646   3                  flag.cross=0;
  647   3                  show_str(0,ele_num,"CROSS");
  648   3                  ele_num+=1;  
  649   3                  cross_nco+=1; 
  650   3                  last_ele=ele_cross;         
  651   3                  break;
C251 COMPILER V5.60.0,  CCD                                                                17/08/24  10:34:33  PAGE 11  

  652   3              }
  653   2              
  654   2          }
  655   1      }
  656          
  657          void zebra()
  658          {
  659   1          uint8 i=0;
  660   1          uint8 zebra_count=0;
  661   1          ele_count=0;    
  662   1      
  663   1          for ( i = lpd; i < rpd; i++)
  664   1          {
  665   2              if (image[i]!=image[i+1])
  666   2              {
  667   3                  zebra_count+=1; 
  668   3              }
  669   2          }
  670   1          // show_int(0,0,zebra_count);
  671   1          if (zebra_count>=zebra_num)    {flag.zebra=1;flag.all=1;}//&&Stright_Judge(7)
  672   1          else                                    {flag.zebra=0;}
  673   1          
  674   1          while (flag.zebra)
  675   1          {
  676   2      
  677   2              CCD_Process(KEEP_NORMAL_LINE);
  678   2              if (ele_count>40||DEBUG_CAR)
  679   2              {
  680   3                  runflag=1;
  681   3                  pwm_freq(PWMB_CH2_P01,333,0);
  682   3                          pwm_freq(PWMB_CH1_P00,333,0);
  683   3      
  684   3                  show_str(100,7,"END");
  685   3                  ele_num+=1;             
  686   3                  break;
  687   3              }
  688   2          }
  689   1      }
  690          
  691          void Em_Stop()
  692          {
  693   1          if (P52==1)  
  694   1          {
  695   2              runflag=1;
  696   2              pwm_duty(PWMB_CH2_P01,0);
  697   2              pwm_duty(PWMB_CH1_P00,0);           
  698   2          } 
  699   1          
  700   1      }
  701          
  702          void slope_judge()
  703          {
  704   1          static uint8 slope_check=0;
  705   1          static uint8 slope_c=0;
  706   1          static float slope_icm=0;
  707   1          // uint8 slope_check=0;
  708   1          // if (Slope_Data<=40&&Slope_Data>5) //&&rp[0]-lp[0]>rpd-lpd+crossf_max
  709   1          // {
  710   1          //     flag.slope=1;
  711   1          //     pitch_err=0;
  712   1          // }
  713   1          // if (Slope_Data>200
  714   1          //     &&lp[1]<=lpu&&rp[1]>=rpu&&myabs(eCCD[0])<=8)//&&myabs(eCCD[1])<=10  
  715   1          // {//cross_nco>=2
  716   1          //     flag.slope=1;
  717   1          //     pitch_err=0;
C251 COMPILER V5.60.0,  CCD                                                                17/08/24  10:34:33  PAGE 12  

  718   1          // }
  719   1          
  720   1          // if ((lp[0]>lpd-8&&lp[0]<lpd-3)&&(rp[0]<rpd+8&&rp[0]>rpd+3)&&
  721   1          //      myabs(eCCD[0])<=4&&myabs(eCCD[1])<=5
  722   1          //      &&rp[1]-lp[1]<65)
  723   1          // {
  724   1          //     flag.slope=1;
  725   1          //     pitch_err=0;
  726   1      
  727   1      
  728   1          // }
  729   1          if (!P11&&slope_nco<slope_num-0.1&&myabs(eCCD[0])<=10)
  730   1          {//&&lp[0]>lpd&&rp[0]>=rpd&&last_ele==ele_cross
  731   2              slope_check+=1;
  732   2          }
  733   1          else
  734   1          {
  735   2              slope_check=0;
  736   2          }
  737   1      
  738   1          if (slope_check>=10)
  739   1          {
  740   2              flag.slope=1;
  741   2              pitch_err=0;
  742   2          }
  743   1          
  744   1      
  745   1          // if (pitch>=0.5&&last_ele==ele_cross&&slope_nco<slope_num-0.1)
  746   1          // {
  747   1          //     flag.slope=1;
  748   1          //     pitch_err=0;
  749   1          // }
  750   1          
  751   1      
  752   1          
  753   1          while (flag.slope)
  754   1          {
  755   2              // slope_icm+=myabs(pitch);
  756   2              // show_float(0,0,slope_icm,4,2);
  757   2              ccd_mode(binary,KEEP_NORMAL_LINE);
  758   2              Servo_PID(eCCD[0]*0.3); 
  759   2              switch (slope_c)
  760   2              {
  761   3                  case 0:
  762   3                      // if (slope_icm>440)
  763   3                      // {
  764   3                      //     slope_c=1;
  765   3                      // }
  766   3                  
  767   3                      if (pitch_err>10)
  768   3                      {
  769   4                          slope_c=1;
  770   4                      }
  771   3                      
  772   3                      break;
  773   3                  case 1:
  774   3                      if (pitch_err<-10)
  775   3                      {
  776   4                          slope_c=2;
  777   4                      }
  778   3      
  779   3                      break;
  780   3                  case 2:
  781   3                      if (pitch_err>-5)
  782   3                      {
  783   4                          slope_c=3;
C251 COMPILER V5.60.0,  CCD                                                                17/08/24  10:34:33  PAGE 13  

  784   4                      }
  785   3      
  786   3                      break;                
  787   3                  case 3:
  788   3                      if (myabs(pitch)<=0.20)
  789   3                      {
  790   4                          slope_check+=1;
  791   4                      }
  792   3                      if (slope_check>=100)
  793   3                      {
  794   4                          slope_c=4;
  795   4                      }
  796   3                      
  797   3              }    
  798   2              if (slope_c>=4||DEBUG_CAR)
  799   2              {
  800   3                  flag.slope=0;
  801   3                  pitch_err=0;
  802   3                  slope_c=0;
  803   3                  slope_icm=0;
  804   3                  show_str(0,ele_num,"SLOPE"); 
  805   3                  ele_num+=1;
  806   3                  slope_nco+=1;
  807   3                  break;
  808   3              }
  809   2          } 
  810   1      }
  811          
  812          void elements()
  813          {   
  814   1          if (!runflag)
  815   1          {
  816   2              slope_judge();
  817   2              Cross_Process();
  818   2              Circle_Judge();
  819   2              zebra();
  820   2          }
  821   1      }
  822          
  823          


Module Information          Static   Overlayable
------------------------------------------------
  code size            =      7497     ------
  ecode size           =    ------     ------
  data size            =    ------     ------
  idata size           =    ------     ------
  pdata size           =    ------     ------
  xdata size           =    ------     ------
  xdata-const size     =    ------     ------
  edata size           =       549     ------
  bit size             =    ------     ------
  ebit size            =    ------     ------
  bitaddressable size  =    ------     ------
  ebitaddressable size =    ------     ------
  far data size        =    ------     ------
  huge data size       =    ------     ------
  const size           =    ------     ------
  hconst size          =       583     ------
End of Module Information.


C251 COMPILATION COMPLETE.  0 WARNING(S),  0 ERROR(S)
