C251 COMPILER V5.60.0,  Gryo                                                               17/08/24  10:34:33  PAGE 1   


C251 COMPILER V5.60.0, COMPILATION OF MODULE Gryo
OBJECT MODULE PLACED IN .\Out_File\Gryo.obj
COMPILER INVOKED BY: C:\Keil_v5\C251\BIN\C251.EXE ..\CODE\Gryo.c XSMALL WARNINGLEVEL(3) OPTIMIZE(0,SPEED) BROWSE INCDIR(
                    -..\..\Libraries\libraries;..\..\Libraries\seekfree_libraries;..\..\Libraries\seekfree_peripheral;..\CODE;..\USER\inc;..\
                    -USER\src;..\..\Libraries\seekfree_components) DEBUG PRINT(.\Out_File\Gryo.lst) OBJECT(.\Out_File\Gryo.obj) 

stmt  level    source

    1          #include "SystemConfig.h"
    2          
    3          #define Z  icm20602_gyro_z
    4          #define Y  icm20602_gyro_y
    5          #define PI 3.1415926
    6          extern ele flag;
    7          float Get_ICM(int16 icm_data,float icmerr)
    8          {
    9   1          icm20602_get_gyro();
   10   1          icm20602_get_acc();
   11   1          
   12   1          return icm_data+icmerr; 
   13   1      }
   14          
   15          float mid_fliter(float icm_data)
   16          {
   17   1          float i,j,k,tmp;//sample 3 times
   18   1          
   19   1          i = icm_data;//  select mid value
   20   1          j = icm_data;
   21   1          k = icm_data;
   22   1          
   23   1          if(i > j)       {tmp = i;i = j;j = tmp;}
   24   1          if(k > j)       {tmp = j;}
   25   1          else if(k > i)  {tmp = k;}
   26   1          else            {tmp = i;}
   27   1          
   28   1          return tmp;
   29   1      }
   30          
   31          float avg_fliter(float icm_data)
   32          {
   33   1      #define avg_num 3
   34   1          uint8 i=0;
   35   1          int16 sum=0;
   36   1          for ( i = 0; i < avg_num; i++)
   37   1          {
   38   2              sum+=icm_data;
   39   2          }
   40   1          sum=sum/avg_num;
   41   1          
   42   1          return sum;
   43   1      }
   44          
   45          void get_angle()
   46          {
   47   1          icm20602_get_gyro();
   48   1          yaw     =   (icm20602_gyro_transition(icm20602_gyro_z)+0.08)/200;
   49   1          pitch   =   (icm20602_gyro_transition(icm20602_gyro_y)-1.1)/200;
   50   1          pitch_err+=-pitch;
   51   1      }


Module Information          Static   Overlayable
------------------------------------------------
  code size            =       326     ------
  ecode size           =    ------     ------
  data size            =    ------     ------
C251 COMPILER V5.60.0,  Gryo                                                               17/08/24  10:34:33  PAGE 2   

  idata size           =    ------     ------
  pdata size           =    ------     ------
  xdata size           =    ------     ------
  xdata-const size     =    ------     ------
  edata size           =        33     ------
  bit size             =    ------     ------
  ebit size            =    ------     ------
  bitaddressable size  =    ------     ------
  ebitaddressable size =    ------     ------
  far data size        =    ------     ------
  huge data size       =    ------     ------
  const size           =    ------     ------
  hconst size          =    ------     ------
End of Module Information.


C251 COMPILATION COMPLETE.  0 WARNING(S),  0 ERROR(S)
