C251 COMPILER V5.60.0,  isr                                                                17/08/24  10:34:33  PAGE 1   


C251 COMPILER V5.60.0, COMPILATION OF MODULE isr
OBJECT MODULE PLACED IN .\Out_File\isr.obj
COMPILER INVOKED BY: C:\Keil_v5\C251\BIN\C251.EXE ..\USER\src\isr.c XSMALL WARNINGLEVEL(3) OPTIMIZE(0,SPEED) BROWSE INCD
                    -IR(..\..\Libraries\libraries;..\..\Libraries\seekfree_libraries;..\..\Libraries\seekfree_peripheral;..\CODE;..\USER\inc;
                    -..\USER\src;..\..\Libraries\seekfree_components) DEBUG PRINT(.\Out_File\isr.lst) OBJECT(.\Out_File\isr.obj) 

stmt  level    source

    1          #include "SystemConfig.h"
    2          extern ele flag;
    3          extern float oci;
    4          volatile uint32 SysTickFlag = 0;
    5          
    6          void TM0_Isr() interrupt 1
    7          {
    8   1              SysTickFlag++;
    9   1      
   10   1      }
   11          
   12          void System_Odometer()
   13          {
   14   1          get_angle();
   15   1          if (flag.all   == 1)      {ele_count   += (float)(lvsp+rvsp)/225;yaw_count+=myabs(yaw);}    
   16   1          if (flag.all   == 0)      {ele_count   = 0;yaw_count=0;}  
   17   1          if (!runflag)             {oci+=(float)((lvsp+rvsp)/225);}
   18   1          else                      {oci=0;}
   19   1      }
   20          
   21          void System_Timer()
   22          {
   23   1      }
   24          
   25          void TM1_Isr() interrupt 3
   26          {
   27   1          // Slope_Data=adc_once(ADC_P11, ADC_12BIT);
   28   1          Get_Speed();
   29   1          System_Odometer();
   30   1          Speed_Judge();
   31   1          mt_akermann();
   32   1          // LMotor_PI(lsetv,0);
   33   1          // RMotor_PI(rsetv,0);
   34   1      }
   35          void TM2_Isr() interrupt 12
   36          {
   37   1              TIM2_CLEAR_FLAG;  
   38   1          if(!flag.cross&&!flag.slope){Servo_PID(eCCD[0]);}
   39   1          // if( flag.cross&&!flag.slope){Servo_PID(eCCD[1]*0.3);}
   40   1          if(oci>120){Em_Stop();} //a_time+=0.005;
   41   1      }
   42          
   43          void TM3_Isr() interrupt 19
   44          {
   45   1              TIM3_CLEAR_FLAG; 
   46   1              
   47   1      }
   48          
   49          void TM4_Isr() interrupt 20
   50          {
   51   1              TIM4_CLEAR_FLAG; 
   52   1              ccd_collect();   
   53   1          
   54   1      }
   55          
   56          //UART1пњљ–ґпњљ
   57          void UART1_Isr() interrupt 4
C251 COMPILER V5.60.0,  isr                                                                17/08/24  10:34:33  PAGE 2   

   58          {
   59   1          uint8 res;
   60   1              static uint8 dwon_count;
   61   1          if(UART1_GET_TX_FLAG)
   62   1          {
   63   2              UART1_CLEAR_TX_FLAG;
   64   2              busy[1] = 0;
   65   2          }
   66   1          if(UART1_GET_RX_FLAG)
   67   1          {
   68   2              UART1_CLEAR_RX_FLAG;
   69   2              res = SBUF;
   70   2              //пњљпњљпњљпњљпњљ‘ґпњљпњљпњљпњљпњљ
   71   2              if(res == 0x7F)
   72   2              {
   73   3                  if(dwon_count++ > 20)
   74   3                      IAP_CONTR = 0x60;
   75   3              }
   76   2              else
   77   2              {
   78   3                  dwon_count = 0;
   79   3              }
   80   2          }
   81   1      }
   82          
   83          //UART2пњљ–ґпњљ
   84          void UART2_Isr() interrupt 8
   85          {
   86   1          if(UART2_GET_TX_FLAG)
   87   1              {
   88   2              UART2_CLEAR_TX_FLAG;
   89   2                      busy[2] = 0;
   90   2              }
   91   1          if(UART2_GET_RX_FLAG)
   92   1              {
   93   2              UART2_CLEAR_RX_FLAG;
   94   2                      //пњљпњљпњљпњљпњљпњљпњљЁЉƒіпњљпњљпњљќ™пњљпњљS2BUF
   95   2      
   96   2              }
   97   1      }
   98          
   99          
  100          //UART3пњљ–ґпњљ
  101          void UART3_Isr() interrupt 17
  102          {
  103   1          if(UART3_GET_TX_FLAG)
  104   1              {
  105   2              UART3_CLEAR_TX_FLAG;
  106   2                      busy[3] = 0;
  107   2              }
  108   1          if(UART3_GET_RX_FLAG)
  109   1              {
  110   2              UART3_CLEAR_RX_FLAG;
  111   2                      //пњљпњљпњљпњљпњљпњљпњљЁЉƒіпњљпњљпњљќ™пњљпњљS3BUF
  112   2      
  113   2              }
  114   1      }
  115          
  116          
  117          //UART4пњљ–ґпњљ
  118          void UART4_Isr() interrupt 18
  119          {
  120   1          if(UART4_GET_TX_FLAG)
  121   1              {
  122   2              UART4_CLEAR_TX_FLAG;
  123   2                      busy[4] = 0;
C251 COMPILER V5.60.0,  isr                                                                17/08/24  10:34:33  PAGE 3   

  124   2              }
  125   1          if(UART4_GET_RX_FLAG)
  126   1              {
  127   2              UART4_CLEAR_RX_FLAG;
  128   2                      //пњљпњљпњљпњљпњљпњљпњљЁЉƒіпњљпњљпњљќ™пњљпњљS4BUF;
  129   2                      if(wireless_type == WIRELESS_SI24R1)
  130   2              {
  131   3                  wireless_uart_callback();           //пњљпњљпњљпњљ„™пњљпњљпњљЏїЎµпњљпњљпњљпњљпњљ
  132   3              }
  133   2              else if(wireless_type == WIRELESS_CH9141)
  134   2              {
  135   3                  bluetooth_ch9141_uart_callback();   //пњљпњљпњљпњљ„™пњљпњљпњљЏїЎµпњљпњљпњљпњљпњљ
  136   3              }
  137   2      
  138   2              }
  139   1      }
  140          
  141          #define LED P52
  142          void INT0_Isr() interrupt 0
  143          {
  144   1              LED = 0;        //пњљпњљпњљпњљLED
  145   1      }
  146          void INT1_Isr() interrupt 2
  147          {
  148   1      
  149   1      }
  150          void INT2_Isr() interrupt 10
  151          {
  152   1              INT2_CLEAR_FLAG;  //пњљпњљпњљпњљ–ґѕ±пњљ÷?
  153   1      }
  154          void INT3_Isr() interrupt 11
  155          {
  156   1              INT3_CLEAR_FLAG;  //пњљпњљпњљпњљ–ґѕ±пњљ÷?
  157   1      }
  158          
  159          void INT4_Isr() interrupt 16
  160          {
  161   1              INT4_CLEAR_FLAG;  //пњљпњљпњљпњљ–ґѕ±пњљ÷?
  162   1      }
  163          
  164          
  165          extern void pit_callback(void);
  166          
  167          
  168          //void  INT0_Isr()  interrupt 0;
  169          //void  TM0_Isr()   interrupt 1;
  170          //void  INT1_Isr()  interrupt 2;
  171          //void  TM1_Isr()   interrupt 3;
  172          //void  UART1_Isr() interrupt 4;
  173          //void  ADC_Isr()   interrupt 5;
  174          //void  LVD_Isr()   interrupt 6;
  175          //void  PCA_Isr()   interrupt 7;
  176          //void  UART2_Isr() interrupt 8;
  177          //void  SPI_Isr()   interrupt 9;
  178          //void  INT2_Isr()  interrupt 10;
  179          //void  INT3_Isr()  interrupt 11;
  180          //void  TM2_Isr()   interrupt 12;
  181          //void  INT4_Isr()  interrupt 16;
  182          //void  UART3_Isr() interrupt 17;
  183          //void  UART4_Isr() interrupt 18;
  184          //void  TM3_Isr()   interrupt 19;
  185          //void  TM4_Isr()   interrupt 20;
  186          //void  CMP_Isr()   interrupt 21;
  187          //void  I2C_Isr()   interrupt 24;
  188          //void  USB_Isr()   interrupt 25;
  189          //void  PWM1_Isr()  interrupt 26;
C251 COMPILER V5.60.0,  isr                                                                17/08/24  10:34:33  PAGE 4   

  190          //void  PWM2_Isr()  interrupt 27;


Module Information          Static   Overlayable
------------------------------------------------
  code size            =       627     ------
  ecode size           =    ------     ------
  data size            =    ------     ------
  idata size           =    ------     ------
  pdata size           =    ------     ------
  xdata size           =    ------     ------
  xdata-const size     =    ------     ------
  edata size           =         6     ------
  bit size             =    ------     ------
  ebit size            =    ------     ------
  bitaddressable size  =    ------     ------
  ebitaddressable size =    ------     ------
  far data size        =    ------     ------
  huge data size       =    ------     ------
  const size           =    ------     ------
  hconst size          =         8     ------
End of Module Information.


C251 COMPILATION COMPLETE.  0 WARNING(S),  0 ERROR(S)
