C251 COMPILER V5.60.0,  SEEKFREE_BLUETOOTH_CH9141                                          17/08/24  10:34:31  PAGE 1   


C251 COMPILER V5.60.0, COMPILATION OF MODULE SEEKFREE_BLUETOOTH_CH9141
OBJECT MODULE PLACED IN .\Out_File\SEEKFREE_BLUETOOTH_CH9141.obj
COMPILER INVOKED BY: C:\Keil_v5\C251\BIN\C251.EXE ..\..\Libraries\seekfree_peripheral\SEEKFREE_BLUETOOTH_CH9141.c XSMALL
                    - WARNINGLEVEL(3) OPTIMIZE(0,SPEED) BROWSE INCDIR(..\..\Libraries\libraries;..\..\Libraries\seekfree_libraries;..\..\Libr
                    -aries\seekfree_peripheral;..\CODE;..\USER\inc;..\USER\src;..\..\Libraries\seekfree_components) DEBUG PRINT(.\Out_File\SE
                    -EKFREE_BLUETOOTH_CH9141.lst) OBJECT(.\Out_File\SEEKFREE_BLUETOOTH_CH9141.obj) 

stmt  level    source

    1          /********************************************************************************************************
             -*************
    2           * COPYRIGHT NOTICE
    3           * Copyright (c) 2021,ж№ЗЩПЦММ
    4           * All rights reserved.
    5           * ММЪѕЬжТлQQШКЃКвЛШКЃК179029047(вбТњ)  ЖўШКЃК244861897
    6           *
    7           * вдЯТЫљгаФкШнАцШЈОљЪєж№ЗЩПЦММЫљгаЃЌЮДО­дЪаэВЛЕУгУгкЩЬвЕгУЭОЃЌ
    8           * ЛЖг­ИїЮЛЪЙгУВЂДЋВЅБОГЬађЃЌаоИФФкШнЪББиаыБЃСєж№ЗЩПЦММЕФАцШЈЩљУїЁЃ
    9           *
   10           * @file                ж№ЗЩПЦММРЖбРзЊДЎПкФЃПщ
   11           * @company                     ГЩЖМж№ЗЩПЦММгаЯоЙЋЫО
   12           * @author              ж№ЗЩПЦММ(QQ3184284598)
   13           * @version             ВщПДdocФкversionЮФМў АцБОЫЕУї
   14           * @Software            MDK FOR C251 V5.60
   15           * @Target core         STC32F12K
   16           * @Taobao              https://seekfree.taobao.com/
   17           * @date                2021-08-27
   18           * @note                
   19                                                  НгЯпЖЈвхЃК
   20                                                  ------------------------------------ 
   21                                                  РЖбРзЊДЎПк      ЕЅЦЌЛњ                        
   22                                                  RX              ВщПДSEEKFREE_BLUETOOTH_CH9141.hЮФМўжаЕФBLUETOOTH_CH9141_UART_TXКъЖЈвх
   23                                                  TX              ВщПДSEEKFREE_BLUETOOTH_CH9141.hЮФМўжаЕФBLUETOOTH_CH9141_UART_RXКъЖЈвх
   24                                                  RTS             ВщПДSEEKFREE_BLUETOOTH_CH9141.hЮФМўжаЕФBLUETOOTH_CH9141_RTS_PINКъЖЈвх
   25                                                  CTS             аќПе
   26                                                  CMD             аќПеЛђепЩЯР­
   27                                                  ------------------------------------ 
   28           ********************************************************************************************************
             -************/
   29          #include "stdio.h"
   30          #include "string.h"
   31          #include "board.h"
   32          #include "zf_gpio.h"
   33          #include "zf_uart.h"
   34          #include "zf_nvic.h"
   35          #include "zf_delay.h"
   36          #include "zf_fifo.h"
   37          
   38          #include "SEEKFREE_BLUETOOTH_CH9141.h"
   39          
   40          
   41          //uint8 uart_data;
   42          //uint8 uart_flag;
   43          
   44          //vuint8 at_mode = 0;         //0:РЖбРЭИДЋФЃЪН 1:ATФЃЪН 2:ФЃПщИДЮЛжа
   45          //vuint8 at_mode_num;         //atФЃЪНЪБгУгкжИЪОЪ§ОнНгЪеЕФЪ§СП
   46          //vuint8 at_mode_data[30];    //НгЪеatУќСюЕФЛКДц
   47          //vuint8 at_mode_cmd_flag;    //OKгІД№УќСюНгЪеГЩЙІЕФБъжОЮЛ
   48          
   49          //uint8 mac_address[17];      //БОЛњmacЕижЗ
   50          
   51          
   52          //uint8 bluetooth_ch9141_rx_buffer;
   53          
   54          
C251 COMPILER V5.60.0,  SEEKFREE_BLUETOOTH_CH9141                                          17/08/24  10:34:31  PAGE 2   

   55          static  fifo_struct     bluetooth_ch9141_fifo;
   56          static  uint8           bluetooth_ch9141_buffer[BLUETOOTH_CH9141_BUFFER_SIZE];  // Ъ§ОнДцЗХЪ§зщ
   57          
   58          static          uint8   bluetooth_ch9141_data;
   59          
   60          //-------------------------------------------------------------------------------------------------------
             -------------
   61          //  @brief      РЖбРзЊДЎПкФЃПщ ДЎПкжаЖЯЛиЕїКЏЪ§
   62          //  @param      void
   63          //  @return     void
   64          //  Sample usage:
   65          //  @note       ИУКЏЪ§дкISRЮФМў ДЎПкжаЖЯГЬађБЛЕїгУ
   66          //-------------------------------------------------------------------------------------------------------
             -------------
   67          void bluetooth_ch9141_uart_callback (void)
   68          {
   69   1          // ЖСШЁЮоЯпДЎПкЕФЪ§Он ВЂЧвжУЮЛНгЪеБъжО
   70   1          bluetooth_ch9141_data = BLUETOOTH_CH9141_DATA_BUF;
   71   1          fifo_write_buffer(&bluetooth_ch9141_fifo, &bluetooth_ch9141_data, 1);       // ДцШы FIFO
   72   1      }
   73          
   74          //-------------------------------------------------------------------------------------------------------
             -------------
   75          //  @brief      РЖбРзЊДЎПкФЃПщГѕЪМЛЏ
   76          //  @param      mode            РЖбРФЃЪН MASTER_MODE(жїЛњ)ЛђепSLAVE_MODE(ДгЛњ)
   77          // @return      uint8           ГѕЪМЛЏзДЬЌ 0-ГЩЙІ 1-ЪЇАм
   78          //  Sample usage:
   79          //-------------------------------------------------------------------------------------------------------
             -------------
   80          uint8 bluetooth_ch9141_init (void)
   81          {
   82   1              BLUETOOTH_CH9141_RTS_PIN = 0;
   83   1          wireless_type = WIRELESS_CH9141;
   84   1          // БОКЏЪ§ЪЙгУЕФВЈЬиТЪЮЊ115200 ЮЊРЖбРзЊДЎПкФЃПщЕФФЌШЯВЈЬиТЪ ШчашЦфЫћВЈЬиТЪЧыЪЙгУЩЯЮЛЛњаоИФФЃПщВЮЪ§
   85   1          fifo_init(&bluetooth_ch9141_fifo, FIFO_DATA_8BIT, bluetooth_ch9141_buffer, BLUETOOTH_CH9141_BUFFER_SI
             -ZE);
   86   1          uart_init(BLUETOOTH_CH9141_INDEX, BLUETOOTH_CH9141_RX_PIN, BLUETOOTH_CH9141_TX_PIN, BLUETOOTH_CH9141_
             -BUAD_RATE, BLUETOOTH_CH9141_TIMER);
   87   1          return 0;
   88   1      }
   89          
   90          
   91          
   92          //-------------------------------------------------------------------------------------------------------
             -------------
   93          //  @brief      ЮоЯпзЊДЎПкФЃПщ ЗЂЫЭКЏЪ§
   94          //  @param      buff            ашвЊЗЂЫЭЕФЪ§ОнЕижЗ
   95          //  @param      len             ЗЂЫЭГЄЖШ
   96          //  @return     uint32          ЪЃгрЮДЗЂЫЭЕФзжНкЪ§
   97          //  Sample usage:
   98          //-------------------------------------------------------------------------------------------------------
             -------------
   99          uint32 bluetooth_ch9141_send_buff (uint8 *buff, uint32 len)
  100          {
  101   1          uint16 time_count = 0;
  102   1          while(len > 30)
  103   1          {
  104   2              time_count = 0;
  105   2              while(BLUETOOTH_CH9141_RTS_PIN && time_count++ < BLUETOOTH_CH9141_TIMEOUT_COUNT)  // ШчЙћRTSЮЊЕЭЕ
             -чЦНЃЌдђМЬајЗЂЫЭЪ§Он
  106   2                  delay_ms(1);
  107   2              if(time_count >= BLUETOOTH_CH9141_TIMEOUT_COUNT)
  108   2                  return len;                                                         // ФЃПщУІ,ШчЙћдЪаэЕБЧАГЬа
             -ђЪЙгУwhileЕШД§ дђПЩвдЪЙгУКѓУцзЂЪЭЕФwhileЕШД§гяОфЬцЛЛБОifгяОф
  109   2              uart_putbuff(BLUETOOTH_CH9141_INDEX, buff, 30);
  110   2      
C251 COMPILER V5.60.0,  SEEKFREE_BLUETOOTH_CH9141                                          17/08/24  10:34:31  PAGE 3   

  111   2              buff += 30;                                                             // ЕижЗЦЋвЦ
  112   2              len -= 30;                                                              // Ъ§СП
  113   2          }
  114   1      
  115   1          time_count = 0;
  116   1          while(BLUETOOTH_CH9141_RTS_PIN && time_count++ < BLUETOOTH_CH9141_TIMEOUT_COUNT)      // ШчЙћRTSЮЊЕЭЕ
             -чЦНЃЌдђМЬајЗЂЫЭЪ§Он
  117   1              delay_ms(1);
  118   1          if(time_count >= BLUETOOTH_CH9141_TIMEOUT_COUNT)
  119   1              return len;                                                             // ФЃПщУІ,ШчЙћдЪаэЕБЧАГЬа
             -ђЪЙгУwhileЕШД§ дђПЩвдЪЙгУКѓУцзЂЪЭЕФwhileЕШД§гяОфЬцЛЛБОifгяОф
  120   1          uart_putbuff(BLUETOOTH_CH9141_INDEX, buff, (uint16)len);                            // ЗЂЫЭзюКѓЕФЪ§Он
  121   1      
  122   1          return 0;
  123   1      }
  124          
  125          //-------------------------------------------------------------------------------------------------------
             -------------
  126          //  @brief      ЮоЯпзЊДЎПкФЃПщ ЖСШЁКЏЪ§
  127          //  @param      buff            ДцДЂЕФЪ§ОнЕижЗ
  128          //  @param      len             ГЄЖШ
  129          //  @return     uint32          ЪЕМЪЖСШЁзжНкЪ§
  130          //  Sample usage:
  131          //-------------------------------------------------------------------------------------------------------
             -------------
  132          uint32 bluetooth_ch9141_read_buff (uint8 *buff, uint32 len)
  133          {
  134   1          uint32 data_len = len;
  135   1          fifo_read_buffer(&bluetooth_ch9141_fifo, buff, &data_len, FIFO_READ_AND_CLEAN);
  136   1          return data_len;
  137   1      }
  138          
  139          
  140          
  141          
  142          
  143          
  144          
  145          


Module Information          Static   Overlayable
------------------------------------------------
  code size            =       353     ------
  ecode size           =    ------     ------
  data size            =    ------     ------
  idata size           =    ------     ------
  pdata size           =    ------     ------
  xdata size           =    ------     ------
  xdata-const size     =    ------     ------
  edata size           =       110     ------
  bit size             =    ------     ------
  ebit size            =    ------     ------
  bitaddressable size  =    ------     ------
  ebitaddressable size =    ------     ------
  far data size        =    ------     ------
  huge data size       =    ------     ------
  const size           =    ------     ------
  hconst size          =    ------     ------
End of Module Information.


C251 COMPILATION COMPLETE.  0 WARNING(S),  0 ERROR(S)
