C251 COMPILER V5.60.0,  Servo                                                              17/08/24  10:34:33  PAGE 1   


C251 COMPILER V5.60.0, COMPILATION OF MODULE Servo
OBJECT MODULE PLACED IN .\Out_File\Servo.obj
COMPILER INVOKED BY: C:\Keil_v5\C251\BIN\C251.EXE ..\CODE\Servo.c XSMALL WARNINGLEVEL(3) OPTIMIZE(0,SPEED) BROWSE INCDIR
                    -(..\..\Libraries\libraries;..\..\Libraries\seekfree_libraries;..\..\Libraries\seekfree_peripheral;..\CODE;..\USER\inc;..
                    -\USER\src;..\..\Libraries\seekfree_components) DEBUG PRINT(.\Out_File\Servo.lst) OBJECT(.\Out_File\Servo.obj) 

stmt  level    source

    1          #include "SystemConfig.h"
    2          
    3          extern ele flag;
    4          LADRC_NUM LADRC;
    5          float r_LADRC   = 100,//fast_track
    6                h_LADRC   = 0.005;//filiter factor
    7          float b0_LADRC  = 250,//system coefficient
    8                wc_LADRC  = 100,//deltaöˆfalÈ´eÈ˜alphaÈ˜deltaÈˋ¤₤ò»çáüÔÅåú½¥ð¢ÚÑà
    9                w0_LADRC  = 200;//esp feed back 1
   10          void Servo_init()
   11          {
   12   1          pwm_init(SERVO_PWM,333,Servo_Mid);
   13   1      }
   14          
   15          void Ladrc_Init(LADRC_NUM *LADRC_)
   16          {
   17   1          LADRC_->h = h_LADRC;//step
   18   1          LADRC_->r = r_LADRC;//track_vel
   19   1          LADRC_->b0 = b0_LADRC;//system coefficent
   20   1          LADRC_->wc = wc_LADRC;//eso bandwidth
   21   1          LADRC_->w0 = w0_LADRC;//statu feedback
   22   1      }
   23          
   24          void Ladrc_Reset(LADRC_NUM *LADRC_)
   25          {
   26   1          LADRC_->z1=0;//step time
   27   1          LADRC_->z2=0;//track_vel
   28   1          LADRC_->z3=0;//eso bendwidth
   29   1      }
   30          
   31          void Ladrc_Td(LADRC_NUM *LADRC_,float expect)
   32          {
   33   1          float fh = -LADRC_->r*LADRC_->r*(LADRC_->v1-expect)-2*LADRC_->r*LADRC_->v2;
   34   1          LADRC_->v1+=LADRC_->v2*LADRC_->h;
   35   1          LADRC_->v2+=fh*LADRC_->h;
   36   1      }
   37          
   38          void Ladrc_Eso(LADRC_NUM *LADRC_,float feedback)
   39          {
   40   1          float B1=3*LADRC_->w0;
   41   1          float B2=3*LADRC_->w0*LADRC_->w0;
   42   1          float B3=LADRC_->w0*LADRC_->w0*LADRC_->w0;
   43   1          float e= LADRC_->z1-feedback;
   44   1          LADRC_->z1+= (LADRC_->z2 - B1*e)*LADRC_->h;
   45   1          LADRC_->z2+= (LADRC_->z3 - B2*e + LADRC_->b0*LADRC_->u)*LADRC_->h;
   46   1          LADRC_->z3+=-B3*e*LADRC_->h;    
   47   1      }
   48          
   49          int decelerate_max = 8000;
   50          int increase_max = 4000;
   51          
   52          void  Ladrc_Lf(LADRC_NUM *LADRC_)
   53          {
   54   1          float Kp=LADRC_->wc*LADRC_->wc;
   55   1          float Kd=2*LADRC_->wc;//kdÝÑôò¢èØåöˆ3
   56   1      
   57   1          float e1=LADRC_->v1-LADRC_->z1;
C251 COMPILER V5.60.0,  Servo                                                              17/08/24  10:34:33  PAGE 2   

   58   1          float e2=LADRC_->v2-LADRC_->z2;
   59   1          float u0=Kp*e1+Kd*e2;
   60   1          LADRC_->u=(u0-LADRC_->z3)/LADRC_->b0;
   61   1          if(LADRC_->u>increase_max)
   62   1              LADRC_->u=increase_max;
   63   1          else if(LADRC_->u<-decelerate_max)
   64   1              LADRC_->u=-decelerate_max;
   65   1      }
   66          
   67          void Ladrc_Process(LADRC_NUM *LADRC_,float Expect,float RealTimeOut)
   68          {
   69   1          float  Expect_Value = Expect;
   70   1          float  Measure = RealTimeOut;
   71   1          Ladrc_Td(LADRC_,Expect_Value);
   72   1          Ladrc_Eso(LADRC_,Measure);
   73   1          Ladrc_Lf(LADRC_);  
   74   1      }
   75          
   76          float Fuzzy_P(float E, float EC)
   77          { 
   78   1          float EFF[7] =  {-18, -11, 4, 0, 4, 11, 18};
   79   1          float DFF[7] = {-5, - 4, -3, 0, 3, 4, 5};
   80   1      
   81   1          int rule[7][7] = {
   82   1              {6, 5, 4, 3, 2, 1, 0},                          
   83   1              {5, 4, 3, 2, 1, 0, 1},
   84   1              {4, 3, 2, 1, 0, 1, 2},
   85   1              {3, 2, 1, 0, 1, 2, 3},
   86   1              {2, 1, 0, 1, 2, 3, 4},
   87   1              {1, 0, 1, 2, 3, 4, 5},
   88   1              {0, 1, 2, 3, 4, 5, 6},
   89   1          };
   90   1          float U = 0;                                 
   91   1          float PF[2] = {0}, DF[2] = {0}, UF[4] = {0}; 
   92   1      
   93   1          int Pn = 0, Dn = 0, Un[4] = {0};
   94   1          float t1 = 0, t2 = 0, t3 = 0, t4 = 0, temp1 = 0, temp2 = 0;
   95   1      
   96   1      
   97   1      
   98   1          if (E > EFF[0] && E < EFF[6])
   99   1          {
  100   2              if (E <= EFF[1])
  101   2              {
  102   3                  Pn = -2;
  103   3                  PF[0] = (EFF[1] - E) / (EFF[1] - EFF[0]);
  104   3              }
  105   2              else if (E <= EFF[2])
  106   2              {
  107   3                  Pn = -1;
  108   3                  PF[0] = (EFF[2] - E) / (EFF[2] - EFF[1]);
  109   3              }
  110   2              else if (E <= EFF[3])
  111   2              {
  112   3                  Pn = 0;
  113   3                  PF[0] = (EFF[3] - E) / (EFF[3] - EFF[2]);
  114   3              }
  115   2              else if (E <= EFF[4])
  116   2              {
  117   3                  Pn = 1;
  118   3                  PF[0] = (EFF[4] - E) / (EFF[4] - EFF[3]);
  119   3              }
  120   2              else if (E <= EFF[5])
  121   2              {
  122   3                  Pn = 2;
  123   3                  PF[0] = (EFF[5] - E) / (EFF[5] - EFF[4]);
C251 COMPILER V5.60.0,  Servo                                                              17/08/24  10:34:33  PAGE 3   

  124   3              }
  125   2              else if (E <= EFF[6])
  126   2              {
  127   3                  Pn = 3;
  128   3                  PF[0] = (EFF[6] - E) / (EFF[6] - EFF[5]);
  129   3              }
  130   2          }
  131   1      
  132   1          else if (E <= EFF[0])
  133   1          {
  134   2              Pn = -2;
  135   2              PF[0] = 1;
  136   2          }
  137   1          else if (E >= EFF[6])
  138   1          {
  139   2              Pn = 3;
  140   2              PF[0] = 0;
  141   2          }
  142   1      
  143   1          PF[1] = 1 - PF[0];
  144   1      
  145   1          if (EC > DFF[0] && EC < DFF[6])
  146   1          {
  147   2              if (EC <= DFF[1])
  148   2              {
  149   3                  Dn = -2;
  150   3                  DF[0] = (DFF[1] - EC) / (DFF[1] - DFF[0]);
  151   3              }
  152   2              else if (EC <= DFF[2])
  153   2              {
  154   3                  Dn = -1;
  155   3                  DF[0] = (DFF[2] - EC) / (DFF[2] - DFF[1]);
  156   3              }
  157   2              else if (EC <= DFF[3])
  158   2              {
  159   3                  Dn = 0;
  160   3                  DF[0] = (DFF[3] - EC) / (DFF[3] - DFF[2]);
  161   3              }
  162   2              else if (EC <= DFF[4])
  163   2              {
  164   3                  Dn = 1;
  165   3                  DF[0] = (DFF[4] - EC) / (DFF[4] - DFF[3]);
  166   3              }
  167   2              else if (EC <= DFF[5])
  168   2              {
  169   3                  Dn = 2;
  170   3                  DF[0] = (DFF[5] - EC) / (DFF[5] - DFF[4]);
  171   3              }
  172   2              else if (EC <= DFF[6])
  173   2              {
  174   3                  Dn = 3;
  175   3                  DF[0] = (DFF[6] - EC) / (DFF[6] - DFF[5]);
  176   3              }
  177   2          }
  178   1          else if (EC <= DFF[0])
  179   1          {
  180   2              Dn = -2;
  181   2              DF[0] = 1;
  182   2          }
  183   1          else if (EC >= DFF[6])
  184   1          {
  185   2              Dn = 3;
  186   2              DF[0] = 0;
  187   2          }
  188   1      
  189   1          DF[1] = 1 - DF[0];
C251 COMPILER V5.60.0,  Servo                                                              17/08/24  10:34:33  PAGE 4   

  190   1      
  191   1      
  192   1          Un[0] = rule[Pn + 2][Dn + 2];
  193   1          Un[1] = rule[Pn + 3][Dn + 2];
  194   1          Un[2] = rule[Pn + 2][Dn + 3];
  195   1          Un[3] = rule[Pn + 3][Dn + 3];
  196   1      
  197   1          if (PF[0] <= DF[0]) 
  198   1              UF[0] = PF[0];
  199   1          else
  200   1              UF[0] = DF[0];
  201   1          if (PF[1] <= DF[0])
  202   1              UF[1] = PF[1];
  203   1          else
  204   1              UF[1] = DF[0];
  205   1          if (PF[0] <= DF[1])
  206   1              UF[2] = PF[0];
  207   1          else
  208   1              UF[2] = DF[1];
  209   1          if (PF[1] <= DF[1])
  210   1              UF[3] = PF[1];
  211   1          else
  212   1              UF[3] = DF[1];
  213   1      
  214   1          if (Un[0] == Un[1])
  215   1          {
  216   2              if (UF[0] > UF[1])
  217   2                  UF[1] = 0;
  218   2              else
  219   2                  UF[0] = 0;
  220   2          }
  221   1          if (Un[0] == Un[2])
  222   1          {
  223   2              if (UF[0] > UF[2])
  224   2                  UF[2] = 0;
  225   2              else
  226   2                  UF[0] = 0;
  227   2          }
  228   1          if (Un[0] == Un[3])
  229   1          {
  230   2              if (UF[0] > UF[3])
  231   2                  UF[3] = 0;
  232   2              else
  233   2                  UF[0] = 0;
  234   2          }
  235   1          if (Un[1] == Un[2])
  236   1          {
  237   2              if (UF[1] > UF[2])
  238   2                  UF[2] = 0;
  239   2              else
  240   2                  UF[1] = 0;
  241   2          }
  242   1          if (Un[1] == Un[3])
  243   1          {
  244   2              if (UF[1] > UF[3])
  245   2                  UF[3] = 0;
  246   2              else
  247   2                  UF[1] = 0;
  248   2          }
  249   1          if (Un[2] == Un[3])
  250   1          {
  251   2              if (UF[2] > UF[3])
  252   2                  UF[3] = 0;
  253   2              else
  254   2                  UF[2] = 0;
  255   2          }
C251 COMPILER V5.60.0,  Servo                                                              17/08/24  10:34:33  PAGE 5   

  256   1          t1 = UF[0] * UFF[Un[0]];
  257   1          t2 = UF[1] * UFF[Un[1]];
  258   1          t3 = UF[2] * UFF[Un[2]];
  259   1          t4 = UF[3] * UFF[Un[3]];
  260   1          temp1 = t1 + t2 + t3 + t4;
  261   1          temp2 = UF[0] + UF[1] + UF[2] + UF[3];
  262   1          U = temp1 / temp2;
  263   1          return U;
  264   1      }
  265          
  266          float Kp_Increase(float derr,float kp)
  267          {
  268   1          static uint8 add_count=0;
  269   1          uint8 i;
  270   1          uint32 sum=1;
  271   1          uint8 step = 5;//control timer
  272   1          uint8 max_p=MaxP;
  273   1          uint8 change=P_Rate;
  274   1          if (derr>0) {add_count+=step;}
  275   1          else        {add_count-=step;}
  276   1      
  277   1          for ( i = 0; i < add_count; i++)
  278   1          {
  279   2              sum=sum*kp;
  280   2              if (sum>max_p)//*change
  281   2              {
  282   3                  break;
  283   3              }
  284   2          }
  285   1          // sum=exp(add_count);
  286   1          sum=sum/change;
  287   1          if (sum>max_p){sum=max_p;}//kp limited
  288   1      
  289   1          return sum;
  290   1      }
  291          
  292          void Servo_PID(int err)
  293          {
  294   1          static int lasterror=0;
  295   1          static int llasterror=0;
  296   1          float Kp=0;
  297   1      
  298   1          switch (Spid_Sel)
  299   1          {
  300   2              case 0:
  301   2                  Servo_Out=err*ServoP+(err-lasterror)*ServoD;
  302   2                  break;
  303   2              case 1:
  304   2                  Kp =  (err * err)*0.1 / (P_Rate) + (ServoP);if(Kp>MaxP)Kp=MaxP;
  305   2                  Servo_Out=err*Kp+(err-lasterror)*ServoD;
  306   2                  break;
  307   2              case 2:
  308   2                  Servo_Out=err*Fuzzy_P(err,err-lasterror)+(err-lasterror)*ServoD;
  309   2                  break;
  310   2          }
  311   1          // Servo_Out=(int)Kp_Increase(err-lasterror,2.72)*(err*0.7+lasterror*0.2+llasterror*0.1)
  312   1                          // ;//+(err-lasterror)*Steer_d+0.1*((lasterror-llasterror)*0.3+(err-lasterror)*0.7)
  313   1          // Ladrc_Process(&LADRC,err,lasterror);
  314   1          // Servo_Out=-LADRC.u;
  315   1          lasterror=err;
  316   1          llasterror=lasterror;
  317   1          Servo_Out=Servo_Mid+Servo_Out;
  318   1      
  319   1          if (Servo_Out>Servo_Mid+Servo_pc){Servo_Out=Servo_Mid+Servo_pc;}
  320   1          if (Servo_Out<Servo_Mid-Servo_pc){Servo_Out=Servo_Mid-Servo_pc;} 
  321   1          
C251 COMPILER V5.60.0,  Servo                                                              17/08/24  10:34:33  PAGE 6   

  322   1          pwm_duty(SERVO_PWM,Servo_Out);
  323   1      
  324   1      }
  325          


Module Information          Static   Overlayable
------------------------------------------------
  code size            =      3558     ------
  ecode size           =    ------     ------
  data size            =    ------     ------
  idata size           =    ------     ------
  pdata size           =    ------     ------
  xdata size           =    ------     ------
  xdata-const size     =    ------     ------
  edata size           =       415     ------
  bit size             =    ------     ------
  ebit size            =    ------     ------
  bitaddressable size  =    ------     ------
  ebitaddressable size =    ------     ------
  far data size        =    ------     ------
  huge data size       =    ------     ------
  const size           =    ------     ------
  hconst size          =       263     ------
End of Module Information.


C251 COMPILATION COMPLETE.  0 WARNING(S),  0 ERROR(S)
