C251 COMPILER V5.60.0,  zf_adc                                                             17/08/24  10:34:30  PAGE 1   


C251 COMPILER V5.60.0, COMPILATION OF MODULE zf_adc
OBJECT MODULE PLACED IN .¥Out_File¥zf_adc.obj
COMPILER INVOKED BY: C:¥Keil_v5¥C251¥BIN¥C251.EXE ..¥..¥Libraries¥seekfree_libraries¥zf_adc.c XSMALL WARNINGLEVEL(3) OPT
                    -IMIZE(0,SPEED) BROWSE INCDIR(..¥..¥Libraries¥libraries;..¥..¥Libraries¥seekfree_libraries;..¥..¥Libraries¥seekfree_perip
                    -heral;..¥CODE;..¥USER¥inc;..¥USER¥src;..¥..¥Libraries¥seekfree_components) DEBUG PRINT(.¥Out_File¥zf_adc.lst) OBJECT(.¥O
                    -ut_File¥zf_adc.obj) 

stmt  level    source

    1          /********************************************************************************************************
             -*************
    2           * COPYRIGHT NOTICE
    3           * Copyright (c) 2020,魹ｽ魹ｽﾉｿﾆｼ魹ｽ
    4           * All rights reserved.
    5           * 魹ｽ魹ｽ魹ｽ魹ｽ魹ｽ魹ｽ魹ｽ魹ｽQQﾈｺ魹ｽ魹ｽﾒｻﾈｺ魹ｽ魹ｽ179029047(魹ｽ魹ｽ魹ｽ魹ｽ)  魹ｽ魹ｽﾈｺ魹ｽ魹ｽ244861897(魹ｽ魹ｽ魹ｽ
             -魹ｽ)  魹ｽ魹ｽﾈｺ魹ｽ魹ｽ824575535
    6           *
    7           * 魹ｽ魹ｽ魹ｽ魹ｽ魹ｽ魹ｽ魹ｽ魹ｽ魹ｽ魹ｽ魹ｽﾝｰ魹ｽﾈｨ魹ｽ魹ｽ魹ｽ魹ｽ魹ｽ魹ｽﾉｿﾆｼ魹ｽ魹ｽ魹ｽ魹ｽﾐ｣魹ｽﾎｴ魹ｽ魹ｽ魹ｽ魹ｽ魹ｽ魹ｽ魹ｽ
             -魹ｽ魹ｽ魹ｽ魹ｽ魹ｽ魹ｽ魹ｽ魹ｽ魹ｽﾒｵ魹ｽ魹ｽﾍｾ魹ｽ魹ｽ
    8           * 魹ｽ魹ｽﾓｭ魹ｽ魹ｽﾎｻﾊｹ魹ｽﾃｲ魹ｽ魹ｽ魹ｽ魹ｽ魹ｽ魹ｽ魹ｽ魹ｽ魹ｽ魹ｽ魹ｽ魹ｽﾞｸ魹ｽ魹ｽ魹ｽ魹ｽ魹ｽﾊｱ魹ｽ魹ｽ魹ｽ檉｣魹ｽ魹ｽ魹ｽ魹ｽ
             -ﾉｿﾆｼ魹ｽ魹ｽﾄｰ魹ｽﾈｨ魹ｽ魹ｽ魹ｽ魹ｽ魹ｽ魹ｽ
    9           *
   10           * @file                adc
   11           * @company                     魹ｽﾉｶ魹ｽ魹ｽ魹ｽﾉｿﾆｼ魹ｽ魹ｽ魹ｽ魹ｽﾞｹ魹ｽﾋｾ
   12           * @author              魹ｽ魹ｽﾉｿﾆｼ魹ｽ(QQ790875685)
   13           * @version             魹ｽ鯀ｴdoc魹ｽ魹ｽversion魹ｽﾄｼ魹ｽ 魹ｽ豎ｾﾋｵ魹ｽ魹ｽ
   14           * @Software            MDK FOR C251 V5.60
   15           * @Target core         STC32F12K
   16           * @Taobao              https://seekfree.taobao.com/
   17           * @date                2020-4-14
   18           ********************************************************************************************************
             -************/
   19          
   20          
   21          #include "zf_adc.h"
   22          #include "intrins.h"
   23          
   24          
   25          //-------------------------------------------------------------------------------------------------------
             -------------
   26          //  @brief      ADC魹ｽ魹ｽﾊｼ魹ｽ魹ｽ
   27          //  @param      adcn            ﾑ｡魹ｽ魹ｽADCﾍｨ魹ｽ魹ｽ
   28          //  @param      speed                   ADCﾊｱ魹ｽ魹ｽﾆｵ魹ｽ魹ｽ
   29          //  @return     void
   30          //  Sample usage:               adc_init(ADC_P10,ADC_SYSclk_DIV_2);//魹ｽ魹ｽﾊｼ魹ｽ魹ｽP1.0ﾎｪADC魹ｽ魹ｽ魹ｽ魹ｽ,
             -ADCﾊｱ魹ｽ魹ｽﾆｵ魹ｽﾊ｣魹ｽSYSclk/2
   31          //-------------------------------------------------------------------------------------------------------
             -------------
   32          void adc_init(ADCN_enum adcn,ADC_SPEED_enum speed)
   33          {
   34   1              ADC_CONTR |= 1<<7;                              //1 魹ｽ魹ｽ魹ｽ魹ｽ ADC 魹ｽ魹ｽﾔｴ
   35   1              
   36   1              ADC_CONTR &= (0xF0);                    //魹ｽ魹ｽ魹ｽADC_CHS[3:0] 魹ｽ魹ｽ ADC ﾄ｣魹ｽ魹ｽﾍｨ魹ｽ魹ｽﾑ｡魹ｽ魹ｽﾎｻ
   37   1              ADC_CONTR |= adcn;
   38   1              
   39   1              if((adcn >> 3) == 1) //P0.0
   40   1              {
   41   2                      //IO魹ｽ魹ｽ魹ｽ魹ｽﾒｪ魹ｽ魹ｽ魹ｽ魹ｽﾎｪ魹ｽ魹ｽ魹ｽ魹ｽ魹ｽ魹ｽ魹ｽ魹ｽ
   42   2                      P0M0 &= ‾(1 << (adcn & 0x07));
   43   2                      P0M1 |= (1 << (adcn & 0x07));
   44   2              }
   45   1              else if((adcn >> 3) == 0) //P1.0        
   46   1              {
   47   2                      //IO魹ｽ魹ｽ魹ｽ魹ｽﾒｪ魹ｽ魹ｽ魹ｽ魹ｽﾎｪ魹ｽ魹ｽ魹ｽ魹ｽ魹ｽ魹ｽ魹ｽ魹ｽ
   48   2                      P1M0 &= ‾(1 << (adcn & 0x07));
C251 COMPILER V5.60.0,  zf_adc                                                             17/08/24  10:34:30  PAGE 2   

   49   2                  P1M1 |= (1 << (adcn & 0x07));
   50   2              }
   51   1      
   52   1              ADCCFG |= speed&0x0F;                   //ADCﾊｱ魹ｽ魹ｽﾆｵ魹ｽ魹ｽSYSclk/2/speed&0x0F;
   53   1              
   54   1              ADCCFG |= 1<<5;                                 //ﾗｪ魹ｽ魹ｽ魹ｽ魹ｽ魹ｽ魹ｽﾒｶ魹ｽ魹ｽ槩｣ ADC_RES 魹ｽ魹ｽ魹ｽ魹ｽ魹ｽ魹ｽ魹ｽﾄｸ魹ｽ 2 ﾎｻ魹ｽ魹ｽ ADC_
             -RESL 魹ｽ魹ｽ魹ｽ魹ｽ魹ｽ魹ｽ魹ｽﾄｵ魹ｽ 8 ﾎｻ魹ｽ魹ｽ
   55   1      }
   56          
   57          
   58          
   59          //-------------------------------------------------------------------------------------------------------
             -------------
   60          //  @brief      ADCﾗｪ魹ｽ魹ｽﾒｻ魹ｽ魹ｽ
   61          //  @param      adcn            ﾑ｡魹ｽ魹ｽADCﾍｨ魹ｽ魹ｽ
   62          //  @param      resolution      魹ｽﾖｱ魹ｽ魹ｽ魹ｽ
   63          //  @return     void
   64          //  Sample usage:               adc_convert(ADC_P10, ADC_10BIT);
   65          //-------------------------------------------------------------------------------------------------------
             -------------
   66          uint16 adc_once(ADCN_enum adcn,ADCRES_enum resolution)
   67          {
   68   1              uint16 adc_value;
   69   1              
   70   1              ADC_CONTR &= (0xF0);                    //魹ｽ魹ｽ魹ｽADC_CHS[3:0] 魹ｽ魹ｽ ADC ﾄ｣魹ｽ魹ｽﾍｨ魹ｽ魹ｽﾑ｡魹ｽ魹ｽﾎｻ
   71   1              ADC_CONTR |= adcn;
   72   1              
   73   1              ADC_CONTR |= 0x40;                      // 魹ｽ魹ｽ魹ｽ魹ｽ AD ﾗｪ魹ｽ魹ｽ
   74   1              while (!(ADC_CONTR & 0x20));    // 魹ｽ魹ｽﾑｯ ADC 魹ｽ魹ｽﾉｱ魹ｽﾖｾ
   75   1              ADC_CONTR &= ‾0x20;                     // 魹ｽ魹ｽ魹ｽ魹ｽﾉｱ魹ｽﾖｾ
   76   1              
   77   1              adc_value = ADC_RES;                    //魹ｽ豢｢ ADC 魹ｽ魹ｽ 12 ﾎｻ魹ｽ魹ｽ魹ｽ魹ｽﾄｸ魹ｽ 4 ﾎｻ
   78   1              adc_value <<= 8;
   79   1              adc_value |= ADC_RESL;                  //魹ｽ豢｢ ADC 魹ｽ魹ｽ 12 ﾎｻ魹ｽ魹ｽ魹ｽ魹ｽﾄｵ魹ｽ 8 ﾎｻ
   80   1              
   81   1              ADC_RES = 0;
   82   1              ADC_RESL = 0;
   83   1              
   84   1              adc_value >>= resolution;               //ﾈ｡魹ｽ魹ｽ魹ｽ魹ｽﾎｻ
   85   1              
   86   1      
   87   1              return adc_value;
   88   1      }


Module Information          Static   Overlayable
------------------------------------------------
  code size            =       267     ------
  ecode size           =    ------     ------
  data size            =    ------     ------
  idata size           =    ------     ------
  pdata size           =    ------     ------
  xdata size           =    ------     ------
  xdata-const size     =    ------     ------
  edata size           =        10     ------
  bit size             =    ------     ------
  ebit size            =    ------     ------
  bitaddressable size  =    ------     ------
  ebitaddressable size =    ------     ------
  far data size        =    ------     ------
  huge data size       =    ------     ------
  const size           =    ------     ------
  hconst size          =    ------     ------
End of Module Information.


C251 COMPILATION COMPLETE.  0 WARNING(S),  0 ERROR(S)
