C251 COMPILER V5.60.0,  isr                                                                21/08/24  21:41:52  PAGE 1   


C251 COMPILER V5.60.0, COMPILATION OF MODULE isr
OBJECT MODULE PLACED IN .\Out_File\isr.obj
COMPILER INVOKED BY: C:\Keil_v5\C251\BIN\C251.EXE ..\USER\src\isr.c XSMALL WARNINGLEVEL(3) OPTIMIZE(0,SPEED) BROWSE INCD
                    -IR(..\..\Libraries\libraries;..\..\Libraries\seekfree_libraries;..\..\Libraries\seekfree_peripheral;..\CODE;..\USER\inc;
                    -..\USER\src;..\..\Libraries\seekfree_components) DEBUG PRINT(.\Out_File\isr.lst) TABS(2) OBJECT(.\Out_File\isr.obj) 

stmt  level    source

    1          ///******************************************************************************************************
             -***************
    2          // * COPYRIGHT NOTICE
    3          // * Copyright (c) 2020,ж№ЗЩПЦММ
    4          // * All rights reserved.
    5          // * ММЪѕЬжТлQQШКЃКвЛШКЃК179029047(вбТњ)  ЖўШКЃК244861897(вбТњ)  Ш§ШКЃК824575535
    6          // *
    7          // * вдЯТЫљгаФкШнАцШЈОљЪєж№ЗЩПЦММЫљгаЃЌЮДО­дЪаэВЛЕУгУгкЩЬвЕгУЭОЃЌ
    8          // * ЛЖг­ИїЮЛЪЙгУВЂДЋВЅБОГЬађЃЌаоИФФкШнЪББиаыБЃСєж№ЗЩПЦММЕФАцШЈЩљУїЁЃ
    9          // *
   10          // * @file          isr
   11          // * @company       ГЩЖМж№ЗЩПЦММгаЯоЙЋЫО
   12          // * @author        ж№ЗЩПЦММ(QQ790875685)
   13          // * @version       ВщПДdocФкversionЮФМў АцБОЫЕУї
   14          // * @Software      MDK FOR C251 V5.60
   15          // * @Target core   STC32F12K
   16          // * @Taobao        https://seekfree.taobao.com/
   17          // * @date          2020-4-14
   18          // ******************************************************************************************************
             -**************/
   19          #include "headfile.h"
   20          
   21          //UART1жаЖЯ
   22          void UART1_Isr() interrupt 4
   23          {
   24   1          uint8 res;
   25   1        static uint8 dwon_count;
   26   1          if(UART1_GET_TX_FLAG)
   27   1          {
   28   2              UART1_CLEAR_TX_FLAG;
   29   2              busy[1] = 0;
   30   2          }
   31   1          if(UART1_GET_RX_FLAG)
   32   1          {
   33   2              UART1_CLEAR_RX_FLAG;
   34   2              res = SBUF;
   35   2              //ГЬађздЖЏЯТди
   36   2              if(res == 0x7F)
   37   2              {
   38   3                  if(dwon_count++ > 20)
   39   3                      IAP_CONTR = 0x60;
   40   3              }
   41   2              else
   42   2              {
   43   3                  dwon_count = 0;
   44   3              }
   45   2          }
   46   1      }
   47          
   48          //UART2жаЖЯ
   49          void UART2_Isr() interrupt 8
   50          {
   51   1          if(UART2_GET_TX_FLAG)
   52   1        {
   53   2              UART2_CLEAR_TX_FLAG;
   54   2          busy[2] = 0;
   55   2        }
C251 COMPILER V5.60.0,  isr                                                                21/08/24  21:41:52  PAGE 2   

   56   1          if(UART2_GET_RX_FLAG)
   57   1        {
   58   2              UART2_CLEAR_RX_FLAG;
   59   2          //НгЪеЪ§ОнМФДцЦїЮЊЃКS2BUF
   60   2          if(wireless_type == WIRELESS_SI24R1)
   61   2              {
   62   3                  wireless_uart_callback();           //ЮоЯпзЊДЎПкЛиЕїКЏЪ§
   63   3              }
   64   2              else if(wireless_type == WIRELESS_CH9141)
   65   2              {
   66   3                  bluetooth_ch9141_uart_callback();   //РЖбРзЊДЎПкЛиЕїКЏЪ§
   67   3              }
   68   2        }
   69   1      }
   70          
   71          
   72          //UART3жаЖЯ
   73          void UART3_Isr() interrupt 17
   74          {
   75   1          if(UART3_GET_TX_FLAG)
   76   1        {
   77   2              UART3_CLEAR_TX_FLAG;
   78   2          busy[3] = 0;
   79   2        }
   80   1          if(UART3_GET_RX_FLAG)
   81   1        {
   82   2              UART3_CLEAR_RX_FLAG;
   83   2          //НгЪеЪ§ОнМФДцЦїЮЊЃКS3BUF
   84   2      
   85   2        }
   86   1      }
   87          
   88          
   89          //UART4жаЖЯ
   90          void UART4_Isr() interrupt 18
   91          {
   92   1          if(UART4_GET_TX_FLAG)
   93   1        {
   94   2              UART4_CLEAR_TX_FLAG;
   95   2          busy[4] = 0;
   96   2        }
   97   1          if(UART4_GET_RX_FLAG)
   98   1        {
   99   2              UART4_CLEAR_RX_FLAG;
  100   2          //НгЪеЪ§ОнМФДцЦїЮЊЃКS4BUF;
  101   2      
  102   2      
  103   2        }
  104   1      }
  105          
  106          #define LED P52
  107          void INT0_Isr() interrupt 0
  108          {
  109   1        LED = 0;  //ЕуССLED
  110   1      }
  111          void INT1_Isr() interrupt 2
  112          {
  113   1      
  114   1      }
  115          void INT2_Isr() interrupt 10
  116          {
  117   1        INT2_CLEAR_FLAG;  //ЧхГ§жаЖЯБъжО
  118   1      }
  119          void INT3_Isr() interrupt 11
  120          {
  121   1        INT3_CLEAR_FLAG;  //ЧхГ§жаЖЯБъжО
C251 COMPILER V5.60.0,  isr                                                                21/08/24  21:41:52  PAGE 3   

  122   1      }
  123          
  124          void INT4_Isr() interrupt 16
  125          {
  126   1        INT4_CLEAR_FLAG;  //ЧхГ§жаЖЯБъжО
  127   1      }
  128          
  129          void TM0_Isr() interrupt 1
  130          {
  131   1      
  132   1      }
  133          uint8 encoder_time=0;
  134          void TM1_Isr() interrupt 3
  135          {
  136   1      
  137   1      
  138   1      }
  139          void TM2_Isr() interrupt 12
  140          {
  141   1        TIM2_CLEAR_FLAG;  //ЧхГ§жаЖЯБъжО
  142   1        
  143   1      }
  144          void TM3_Isr() interrupt 19
  145          {
  146   1        TIM3_CLEAR_FLAG; //ЧхГ§жаЖЯБъжО
  147   1        
  148   1      }
  149          
  150          void TM4_Isr() interrupt 20
  151          {
  152   1        TIM4_CLEAR_FLAG; //ЧхГ§жаЖЯБъжО
  153   1        ccd_collect();   //CCDВЩМЏЪ§Он
  154   1        
  155   1        Angle_Calcu();
  156   1        infrared_detection();
  157   1        
  158   1        servo_ccd();
  159   1      
  160   1        encoder_time++;
  161   1        if(encoder_time==2)
  162   1        {
  163   2          EncoderCount();
  164   2          Motor_Control();
  165   2          encoder_time=0;
  166   2        }
  167   1        
  168   1        servo_Control();
  169   1        
  170   1        if(encoder_integra2>=200)
  171   1        {
  172   2          if(Trk.left_qulu<25 && Trk.right_qulu<25)Zebra();
  173   2        }
  174   1      //  Zebra();
  175   1      }
  176          
  177          //void  INT0_Isr()  interrupt 0;
  178          //void  TM0_Isr()   interrupt 1;
  179          //void  INT1_Isr()  interrupt 2;
  180          //void  TM1_Isr()   interrupt 3;
  181          //void  UART1_Isr() interrupt 4;
  182          //void  ADC_Isr()   interrupt 5;
  183          //void  LVD_Isr()   interrupt 6;
  184          //void  PCA_Isr()   interrupt 7;
  185          //void  UART2_Isr() interrupt 8;
  186          //void  SPI_Isr()   interrupt 9;
  187          //void  INT2_Isr()  interrupt 10;
C251 COMPILER V5.60.0,  isr                                                                21/08/24  21:41:52  PAGE 4   

  188          //void  INT3_Isr()  interrupt 11;
  189          //void  TM2_Isr()   interrupt 12;
  190          //void  INT4_Isr()  interrupt 16;
  191          //void  UART3_Isr() interrupt 17;
  192          //void  UART4_Isr() interrupt 18;
  193          //void  TM3_Isr()   interrupt 19;
  194          //void  TM4_Isr()   interrupt 20;
  195          //void  CMP_Isr()   interrupt 21;
  196          //void  I2C_Isr()   interrupt 24;
  197          //void  USB_Isr()   interrupt 25;
  198          //void  PWM1_Isr()  interrupt 26;
  199          //void  PWM2_Isr()  interrupt 27;


Module Information          Static   Overlayable
------------------------------------------------
  code size            =       421     ------
  ecode size           =    ------     ------
  data size            =    ------     ------
  idata size           =    ------     ------
  pdata size           =    ------     ------
  xdata size           =    ------     ------
  xdata-const size     =    ------     ------
  edata size           =         3     ------
  bit size             =    ------     ------
  ebit size            =    ------     ------
  bitaddressable size  =    ------     ------
  ebitaddressable size =    ------     ------
  far data size        =    ------     ------
  huge data size       =    ------     ------
  const size           =    ------     ------
  hconst size          =         5     ------
End of Module Information.


C251 COMPILATION COMPLETE.  0 WARNING(S),  0 ERROR(S)
