C251 COMPILER V5.60.0,  main                                                               21/08/24  21:41:52  PAGE 1   


C251 COMPILER V5.60.0, COMPILATION OF MODULE main
OBJECT MODULE PLACED IN .\Out_File\main.obj
COMPILER INVOKED BY: C:\Keil_v5\C251\BIN\C251.EXE ..\USER\src\main.c XSMALL WARNINGLEVEL(3) OPTIMIZE(0,SPEED) BROWSE INC
                    -DIR(..\..\Libraries\libraries;..\..\Libraries\seekfree_libraries;..\..\Libraries\seekfree_peripheral;..\CODE;..\USER\inc
                    -;..\USER\src;..\..\Libraries\seekfree_components) DEBUG PRINT(.\Out_File\main.lst) TABS(2) OBJECT(.\Out_File\main.obj) 

stmt  level    source

    1          /********************************************************************************************************
             -*************
    2           * COPYRIGHT NOTICE
    3           * Copyright (c) 2020,ÖđˇÉżĆźź
    4           * All rights reserved.
    5           * źźĘőĚÖÂŰQQČşŁşŇťČşŁş179029047(ŇŃÂú)  śţČşŁş244861897(ŇŃÂú)  ČýČşŁş824575535
    6           *
    7           * ŇÔĎÂËůÓĐÄÚČÝ°ćČ¨žůĘôÖđˇÉżĆźźËůÓĐŁŹÎ´ž­ÔĘĐí˛ťľĂÓĂÓÚÉĚŇľÓĂÍžŁŹ
    8           * ťśÓ­¸÷ÎťĘšÓĂ˛˘´Ť˛ĽąžłĚĐňŁŹĐŢ¸ÄÄÚČÝĘąąŘĐëąŁÁôÖđˇÉżĆźźľÄ°ćČ¨ÉůĂ÷ĄŁ
    9           *
   10           * @file          main
   11           * @company       łÉśźÖđˇÉżĆźźÓĐĎŢšŤËž
   12           * @author        ÖđˇÉżĆźź(QQ790875685)
   13           * @version       ˛éż´docÄÚversionÎÄźţ °ćąžËľĂ÷
   14           * @Software    MDK FOR C251 V5.60
   15           * @Target core   STC32
   16           * @Taobao      https://seekfree.taobao.com/
   17           * @date          2023-07-27
   18          
   19           ********************************************************************************************************
             -************/
   20          #include "headfile.h"
   21          
   22          
   23          // šŘÓÚÄÚşËĆľÂĘľÄÉčś¨ŁŹżÉŇÔ˛éż´board.hÎÄźţ
   24          // ÔÚboard_initÖĐ,ŇŃž­˝ŤP54Ňý˝ĹÉčÖĂÎŞ¸´Îť
   25          // ČçšűĐčŇŞĘšÓĂP54Ňý˝Ĺ,żÉŇÔÔÚboard.cÎÄźţÖĐľÄboard_init()şŻĘýÖĐÉžłýSET_P54_RESRTź´żÉ
   26          
   27            /*
   28           * **************************************************************************
   29           * ********************                                  ********************
   30           * ********************      COPYRIGHT INFORMATION       ********************
   31           * ********************                                  ********************
   32           * **************************************************************************
   33           *                                                                          *
   34           *                                   _oo8oo_                                *
   35           *                                  o8888888o                               *
   36           *                                  88" . "88                               *
   37           *                                  (| -_- |)                               *
   38           *                                  0\  =  /0                               *
   39           *                                ___/'==='\___                             *
   40           *                              .' \\|     |// '.                           *
   41           *                             / \\|||  :  |||// \                          *
   42           *                            / _||||| -:- |||||_ \                         *
   43           *                           |   | \\\  -  /// |   |                        *
   44           *                           | \_|  ''\---/''  |_/ |                        *
   45           *                           \  .-\__  '-'  __/-.  /                        *
   46           *                         ___'. .'  /--.--\  '. .'___                      *
   47           *                      ."" '<  '.___\_<|>_/___.'  >' "".                   *
   48           *                     | | :  `- \`.:`\ _ /`:.`/ -`  : | |                  *
   49           *                     \  \ `-.   \_ __\ /__ _/   .-` /  /                  *
   50           *                 =====`-.____`.___ \_____/ ___.`____.-`=====              *
   51           *                                   `=---=`                                *
   52           * **************************************************************************
   53           * ********************                                  ********************
   54           * ********************       ˇđ×ćąŁÓÓ ÓŔÔśÎŢBUG      ********************
   55           * ********************                                  ********************
C251 COMPILER V5.60.0,  main                                                               21/08/24  21:41:52  PAGE 2   

   56           * **************************************************************************
   57           */
   58           
   59            /***********************************************************
   60          //         ŁĄŁĄ         ťú    ťę    ´ó     ÔĂ            ŁĄŁĄ
   61          //                       .::::.
   62          //                     .::::::::.
   63          //                    :::::::::::
   64          //                 ..:::::::::::'
   65          //              '::::::::::::'
   66          //                .::::::::::
   67          //           '::::::::::::::..
   68          //                ..::::::::::::.
   69          //              ``::::::::::::::::
   70          //               ::::``:::::::::'        .:::.
   71          //              ::::'   ':::::'       .::::::::.
   72          //            .::::'      ::::     .:::::::'::::.
   73          //           .:::'       :::::  .:::::::::' ':::::.
   74          //          .::'        :::::.:::::::::'      ':::::.
   75          //         .::'         ::::::::::::::'         ``::::.
   76          //     ...:::           ::::::::::::'              ``::.
   77          //    ```` ':.          ':::::::::'                  ::::..
   78          //                       '.:::::'                    ':'````..
   79          ***************************************************************/
   80          void main()
   81          {
   82   1        clock_init(SYSTEM_CLOCK_52M); // łőĘźťŻĎľÍłĆľÂĘ,ÎđÉžłý´Ëžä´úÂëĄŁ
   83   1        board_init();         // łőĘźťŻźÄ´ćĆ÷,ÎđÉžłý´Ëžä´úÂëĄŁ
   84   1      
   85   1       
   86   1        All_Init();
   87   1        beep_off();
   88   1        
   89   1        EnableGlobalIRQ();
   90   1        
   91   1        while(1)
   92   1        {
   93   2          if(key_flag==0)
   94   2          {
   95   3            key();
   96   3            ParameterExchange();
   97   3            ips114_show();
   98   3          }
   99   2          if(tsl1401_finish_flag==1)
  100   2          {
  101   3            CCD_Processing();
  102   3            //ccd_send_data(UART_1, ccd_data_ch1);
  103   3            tsl1401_finish_flag = 0;  
  104   3          }
  105   2        }
  106   1        
  107   1      }
  108          
  109          


Module Information          Static   Overlayable
------------------------------------------------
  code size            =        61     ------
  ecode size           =    ------     ------
  data size            =    ------     ------
  idata size           =    ------     ------
  pdata size           =    ------     ------
  xdata size           =    ------     ------
  xdata-const size     =    ------     ------
  edata size           =    ------     ------
  bit size             =    ------     ------
C251 COMPILER V5.60.0,  main                                                               21/08/24  21:41:52  PAGE 3   

  ebit size            =    ------     ------
  bitaddressable size  =    ------     ------
  ebitaddressable size =    ------     ------
  far data size        =    ------     ------
  huge data size       =    ------     ------
  const size           =    ------     ------
  hconst size          =    ------     ------
End of Module Information.


C251 COMPILATION COMPLETE.  0 WARNING(S),  0 ERROR(S)
