C251 COMPILER V5.60.0,  SERVO                                                              21/08/24  21:41:51  PAGE 1   


C251 COMPILER V5.60.0, COMPILATION OF MODULE SERVO
OBJECT MODULE PLACED IN .\Out_File\SERVO.obj
COMPILER INVOKED BY: C:\Keil_v5\C251\BIN\C251.EXE ..\CODE\SERVO.c XSMALL WARNINGLEVEL(3) OPTIMIZE(0,SPEED) BROWSE INCDIR
                    -(..\..\Libraries\libraries;..\..\Libraries\seekfree_libraries;..\..\Libraries\seekfree_peripheral;..\CODE;..\USER\inc;..
                    -\USER\src;..\..\Libraries\seekfree_components) DEBUG PRINT(.\Out_File\SERVO.lst) TABS(2) OBJECT(.\Out_File\SERVO.obj) 

stmt  level    source

    1          #include "headfile.h"
    2          
    3          int16 SERVO_duty=0;
    4          int8 error=0,error_last=0,error_2=0;
    5          
    6          int16 Pid_Kp = 0;
    7          int16 Pid_Kd = 0;
    8          
    9          PID Pid;
   10          //»·µşµÄpdÓë±ęÖľÎ»
   11          uint8 Pid_Ring_flag=0;
   12          
   13          int16 Pid_Ring_50_P=0;
   14          int16 Pid_Ring_50_D=0;
   15          
   16          int16 Pid_Ring_60_P=0;
   17          int16 Pid_Ring_60_D=0;
   18          
   19          int16 Pid_Ring_90_P=0;
   20          int16 Pid_Ring_90_D=0;
   21          
   22          void servo_init()
   23          {
   24   1        pwm_init(PWMB_CH3_P33,300,Servo_Center);
   25   1        pwm_duty(PWMB_CH3_P33,Servo_Center);
   26   1      }
   27          void PID_init()
   28          {
   29   1        Pid.z_p =0.0;
   30   1        Pid.z_d =0.0;
   31   1        
   32   1        Pid.R_50_P =0.0;
   33   1        Pid.R_50_D =0.0;
   34   1        
   35   1        Pid.R_60_P =0.0;
   36   1        Pid.R_60_D =0.0;
   37   1        
   38   1        Pid.R_90_P =0.0;
   39   1        Pid.R_90_D =0.0;
   40   1      }
   41          void PID_subsection()
   42          {
   43   1        if(Pid_Ring_flag==0)
   44   1        {
   45   2          Pid.z_p =0.01*Pid_Kp;
   46   2          Pid.z_d =0.01*Pid_Kd;
   47   2        }
   48   1        
   49   1        
   50   1        if(Pid_Ring_flag==1)
   51   1        {
   52   2          Pid.z_p =0.01*Pid_Ring_50_P;
   53   2          Pid.z_d =0.01*Pid_Ring_50_D;
   54   2        }
   55   1        if(Pid_Ring_flag==2)
   56   1        {
   57   2          Pid.z_p =0.01*Pid_Ring_60_P;
C251 COMPILER V5.60.0,  SERVO                                                              21/08/24  21:41:51  PAGE 2   

   58   2          Pid.z_d =0.01*Pid_Ring_60_D;
   59   2        }
   60   1        if(Pid_Ring_flag==3)
   61   1        {
   62   2          Pid.z_p =0.01*Pid_Ring_90_P;
   63   2          Pid.z_d =0.01*Pid_Ring_90_D;
   64   2        }
   65   1        //ipsĎÔĘľµÄ˛ÎĘý
   66   1        Pid.R_50_P =0.01*Pid_Ring_50_P;
   67   1        Pid.R_50_D =0.01*Pid_Ring_50_D;
   68   1        
   69   1        Pid.R_60_P =0.01*Pid_Ring_60_P;
   70   1        Pid.R_60_D =0.01*Pid_Ring_60_D;
   71   1        
   72   1        Pid.R_90_P =0.01*Pid_Ring_90_P;
   73   1        Pid.R_90_D =0.01*Pid_Ring_90_D;
   74   1      }
   75          void servo_ccd()
   76          {
   77   1        PID_subsection();
   78   1        
   79   1        error=(float)(Trk.middle_sideline1-63);
   80   1        error_2=(float)(Trk.middle_sideline2-63);
   81   1        
   82   1        SERVO_duty=error*Pid.z_p+(error-error_last)*Pid.z_d;//
   83   1        error_last=error;
   84   1      }
   85          
   86          void servo_Control()
   87          {
   88   1        if(SERVO_duty>Servo_delatduty_max)    //¶ć»úPWMĎŢ·ů
   89   1        {
   90   2          SERVO_duty = Servo_delatduty_max;
   91   2        }
   92   1        else if(SERVO_duty<(-Servo_delatduty_max))
   93   1        {
   94   2          SERVO_duty = (-Servo_delatduty_max);
   95   2        }
   96   1        pwm_duty(PWMB_CH3_P33,Servo_Center-SERVO_duty); 
   97   1      }


Module Information          Static   Overlayable
------------------------------------------------
  code size            =       653     ------
  ecode size           =    ------     ------
  data size            =    ------     ------
  idata size           =    ------     ------
  pdata size           =    ------     ------
  xdata size           =    ------     ------
  xdata-const size     =    ------     ------
  edata size           =        54     ------
  bit size             =    ------     ------
  ebit size            =    ------     ------
  bitaddressable size  =    ------     ------
  ebitaddressable size =    ------     ------
  far data size        =    ------     ------
  huge data size       =    ------     ------
  const size           =    ------     ------
  hconst size          =        74     ------
End of Module Information.


C251 COMPILATION COMPLETE.  0 WARNING(S),  0 ERROR(S)
